CRITICAL - 2023-06-19 03:24:08 --> Class "App\Models\CongDungCuModel" not found
in APPPATH\Controllers\Dashboard\CCDCController.php on line 11.
 1 SYSTEMPATH\CodeIgniter.php(906): App\Controllers\Dashboard\CCDCController->__construct()
 2 SYSTEMPATH\CodeIgniter.php(490): CodeIgniter\CodeIgniter->createController()
 3 SYSTEMPATH\CodeIgniter.php(368): CodeIgniter\CodeIgniter->handleRequest(null, Object(Config\Cache), false)
 4 FCPATH\index.php(67): CodeIgniter\CodeIgniter->run()
CRITICAL - 2023-06-19 03:24:28 --> Class "App\Models\CongDungCuModel" not found
in APPPATH\Controllers\Dashboard\CCDCController.php on line 11.
 1 SYSTEMPATH\CodeIgniter.php(906): App\Controllers\Dashboard\CCDCController->__construct()
 2 SYSTEMPATH\CodeIgniter.php(490): CodeIgniter\CodeIgniter->createController()
 3 SYSTEMPATH\CodeIgniter.php(368): CodeIgniter\CodeIgniter->handleRequest(null, Object(Config\Cache), false)
 4 FCPATH\index.php(67): CodeIgniter\CodeIgniter->run()
CRITICAL - 2023-06-19 03:24:29 --> Class "App\Models\CongDungCuModel" not found
in APPPATH\Controllers\Dashboard\CCDCController.php on line 11.
 1 SYSTEMPATH\CodeIgniter.php(906): App\Controllers\Dashboard\CCDCController->__construct()
 2 SYSTEMPATH\CodeIgniter.php(490): CodeIgniter\CodeIgniter->createController()
 3 SYSTEMPATH\CodeIgniter.php(368): CodeIgniter\CodeIgniter->handleRequest(null, Object(Config\Cache), false)
 4 FCPATH\index.php(67): CodeIgniter\CodeIgniter->run()
CRITICAL - 2023-06-19 03:33:31 --> Call to undefined method App\Models\CongDungCuModel::getNhaCCs
in SYSTEMPATH\Model.php on line 842.
 1 APPPATH\Controllers\Dashboard\CCDCController.php(27): CodeIgniter\Model->__call('getNhaCCs', [...])
 2 SYSTEMPATH\CodeIgniter.php(934): App\Controllers\Dashboard\CCDCController->tool_ajax()
 3 SYSTEMPATH\CodeIgniter.php(499): CodeIgniter\CodeIgniter->runController(Object(App\Controllers\Dashboard\CCDCController))
 4 SYSTEMPATH\CodeIgniter.php(368): CodeIgniter\CodeIgniter->handleRequest(null, Object(Config\Cache), false)
 5 FCPATH\index.php(67): CodeIgniter\CodeIgniter->run()
CRITICAL - 2023-06-19 04:14:56 --> Undefined property: App\Controllers\Dashboard\CCDCController::$loai_ts_model
in APPPATH\Controllers\Dashboard\CCDCController.php on line 19.
 1 APPPATH\Controllers\Dashboard\CCDCController.php(19): CodeIgniter\Debug\Exceptions->errorHandler(2, 'Undefined property: App\\Controllers\\Dashboard\\CCDCController::$loai_ts_model', 'APPPATH\\Controllers\\Dashboard\\CCDCController.php', 19)
 2 SYSTEMPATH\CodeIgniter.php(934): App\Controllers\Dashboard\CCDCController->index()
 3 SYSTEMPATH\CodeIgniter.php(499): CodeIgniter\CodeIgniter->runController(Object(App\Controllers\Dashboard\CCDCController))
 4 SYSTEMPATH\CodeIgniter.php(368): CodeIgniter\CodeIgniter->handleRequest(null, Object(Config\Cache), false)
 5 FCPATH\index.php(67): CodeIgniter\CodeIgniter->run()
