ERROR - 2023-06-20 08:12:07 --> mysqli_sql_exception: Unknown column 'ma_ccdc' in 'order clause' in D:\Xampp\htdocs\QuanLyTaiSan\system\Database\MySQLi\Connection.php:295
Stack trace:
#0 D:\Xampp\htdocs\QuanLyTaiSan\system\Database\MySQLi\Connection.php(295): mysqli->query('SELECT *\nFROM `...', 0)
#1 D:\Xampp\htdocs\QuanLyTaiSan\system\Database\BaseConnection.php(691): CodeIgniter\Database\MySQLi\Connection->execute('SELECT *\nFROM `...')
#2 D:\Xampp\htdocs\QuanLyTaiSan\system\Database\BaseConnection.php(605): CodeIgniter\Database\BaseConnection->simpleQuery('SELECT *\nFROM `...')
#3 D:\Xampp\htdocs\QuanLyTaiSan\system\Database\BaseBuilder.php(1616): CodeIgniter\Database\BaseConnection->query('SELECT *\nFROM `...', Array, false)
#4 D:\Xampp\htdocs\QuanLyTaiSan\system\Model.php(203): CodeIgniter\Database\BaseBuilder->get()
#5 D:\Xampp\htdocs\QuanLyTaiSan\system\BaseModel.php(557): CodeIgniter\Model->doFind(false, NULL)
#6 D:\Xampp\htdocs\QuanLyTaiSan\app\Models\TBYTeModel.php(93): CodeIgniter\BaseModel->find()
#7 D:\Xampp\htdocs\QuanLyTaiSan\app\Controllers\Dashboard\TBYTeController.php(28): App\Models\TBYTeModel->getTBYTe(Array)
#8 D:\Xampp\htdocs\QuanLyTaiSan\system\CodeIgniter.php(934): App\Controllers\Dashboard\TBYTeController->tbyte_ajax()
#9 D:\Xampp\htdocs\QuanLyTaiSan\system\CodeIgniter.php(499): CodeIgniter\CodeIgniter->runController(Object(App\Controllers\Dashboard\TBYTeController))
#10 D:\Xampp\htdocs\QuanLyTaiSan\system\CodeIgniter.php(368): CodeIgniter\CodeIgniter->handleRequest(NULL, Object(Config\Cache), false)
#11 D:\Xampp\htdocs\QuanLyTaiSan\public\index.php(67): CodeIgniter\CodeIgniter->run()
#12 {main}
CRITICAL - 2023-06-20 08:12:07 --> Unknown column 'ma_ccdc' in 'order clause'
in SYSTEMPATH\Database\BaseConnection.php on line 645.
 1 SYSTEMPATH\Database\BaseBuilder.php(1616): CodeIgniter\Database\BaseConnection->query('SELECT *
FROM `thiet_bi_yte`
WHERE `ten_tb` LIKE :ten_tb: ESCAPE \'!\'
ORDER BY `ma_ccdc` ASC
 LIMIT 10', [...], false)
 2 SYSTEMPATH\Model.php(203): CodeIgniter\Database\BaseBuilder->get()
 3 SYSTEMPATH\BaseModel.php(557): CodeIgniter\Model->doFind(false, null)
 4 APPPATH\Models\TBYTeModel.php(93): CodeIgniter\BaseModel->find()
 5 APPPATH\Controllers\Dashboard\TBYTeController.php(28): App\Models\TBYTeModel->getTBYTe([...])
 6 SYSTEMPATH\CodeIgniter.php(934): App\Controllers\Dashboard\TBYTeController->tbyte_ajax()
 7 SYSTEMPATH\CodeIgniter.php(499): CodeIgniter\CodeIgniter->runController(Object(App\Controllers\Dashboard\TBYTeController))
 8 SYSTEMPATH\CodeIgniter.php(368): CodeIgniter\CodeIgniter->handleRequest(null, Object(Config\Cache), false)
 9 FCPATH\index.php(67): CodeIgniter\CodeIgniter->run()
