CRITICAL - 2023-06-23 08:54:58 --> Call to undefined method App\Models\KinhPhiModel::getfunding
in SYSTEMPATH\Model.php on line 842.
 1 APPPATH\Controllers\Dashboard\KinhPhiController.php(28): CodeIgniter\Model->__call('getfunding', [...])
 2 SYSTEMPATH\CodeIgniter.php(934): App\Controllers\Dashboard\KinhPhiController->funding_ajax()
 3 SYSTEMPATH\CodeIgniter.php(499): CodeIgniter\CodeIgniter->runController(Object(App\Controllers\Dashboard\KinhPhiController))
 4 SYSTEMPATH\CodeIgniter.php(368): CodeIgniter\CodeIgniter->handleRequest(null, Object(Config\Cache), false)
 5 FCPATH\index.php(67): CodeIgniter\CodeIgniter->run()
CRITICAL - 2023-06-23 09:04:21 --> Call to undefined method App\Models\KinhPhiModel::add_tb
in SYSTEMPATH\Model.php on line 842.
 1 APPPATH\Controllers\Dashboard\KinhPhiController.php(38): CodeIgniter\Model->__call('add_tb', [...])
 2 SYSTEMPATH\CodeIgniter.php(934): App\Controllers\Dashboard\KinhPhiController->add_funding()
 3 SYSTEMPATH\CodeIgniter.php(499): CodeIgniter\CodeIgniter->runController(Object(App\Controllers\Dashboard\KinhPhiController))
 4 SYSTEMPATH\CodeIgniter.php(368): CodeIgniter\CodeIgniter->handleRequest(null, Object(Config\Cache), false)
 5 FCPATH\index.php(67): CodeIgniter\CodeIgniter->run()
CRITICAL - 2023-06-23 09:05:27 --> Attempt to read property "nguon_ht" on array
in APPPATH\Models\KinhPhiModel.php on line 107.
 1 APPPATH\Models\KinhPhiModel.php(107): CodeIgniter\Debug\Exceptions->errorHandler(2, 'Attempt to read property "nguon_ht" on array', 'APPPATH\\Models\\KinhPhiModel.php', 107)
 2 APPPATH\Controllers\Dashboard\KinhPhiController.php(29): App\Models\KinhPhiModel->getKinhPhi([...])
 3 SYSTEMPATH\CodeIgniter.php(934): App\Controllers\Dashboard\KinhPhiController->funding_ajax()
 4 SYSTEMPATH\CodeIgniter.php(499): CodeIgniter\CodeIgniter->runController(Object(App\Controllers\Dashboard\KinhPhiController))
 5 SYSTEMPATH\CodeIgniter.php(368): CodeIgniter\CodeIgniter->handleRequest(null, Object(Config\Cache), false)
 6 FCPATH\index.php(67): CodeIgniter\CodeIgniter->run()
CRITICAL - 2023-06-23 09:05:32 --> Attempt to read property "nguon_ht" on array
in APPPATH\Models\KinhPhiModel.php on line 107.
 1 APPPATH\Models\KinhPhiModel.php(107): CodeIgniter\Debug\Exceptions->errorHandler(2, 'Attempt to read property "nguon_ht" on array', 'APPPATH\\Models\\KinhPhiModel.php', 107)
 2 APPPATH\Controllers\Dashboard\KinhPhiController.php(29): App\Models\KinhPhiModel->getKinhPhi([...])
 3 SYSTEMPATH\CodeIgniter.php(934): App\Controllers\Dashboard\KinhPhiController->funding_ajax()
 4 SYSTEMPATH\CodeIgniter.php(499): CodeIgniter\CodeIgniter->runController(Object(App\Controllers\Dashboard\KinhPhiController))
 5 SYSTEMPATH\CodeIgniter.php(368): CodeIgniter\CodeIgniter->handleRequest(null, Object(Config\Cache), false)
 6 FCPATH\index.php(67): CodeIgniter\CodeIgniter->run()
CRITICAL - 2023-06-23 09:07:34 --> Attempt to read property "nguon_ht" on array
in APPPATH\Models\KinhPhiModel.php on line 107.
 1 APPPATH\Models\KinhPhiModel.php(107): CodeIgniter\Debug\Exceptions->errorHandler(2, 'Attempt to read property "nguon_ht" on array', 'APPPATH\\Models\\KinhPhiModel.php', 107)
 2 APPPATH\Controllers\Dashboard\KinhPhiController.php(29): App\Models\KinhPhiModel->getKinhPhi([...])
 3 SYSTEMPATH\CodeIgniter.php(934): App\Controllers\Dashboard\KinhPhiController->funding_ajax()
 4 SYSTEMPATH\CodeIgniter.php(499): CodeIgniter\CodeIgniter->runController(Object(App\Controllers\Dashboard\KinhPhiController))
 5 SYSTEMPATH\CodeIgniter.php(368): CodeIgniter\CodeIgniter->handleRequest(null, Object(Config\Cache), false)
 6 FCPATH\index.php(67): CodeIgniter\CodeIgniter->run()
CRITICAL - 2023-06-23 09:12:42 --> Attempt to read property "nguon_ht" on array
in APPPATH\Models\KinhPhiModel.php on line 107.
 1 APPPATH\Models\KinhPhiModel.php(107): CodeIgniter\Debug\Exceptions->errorHandler(2, 'Attempt to read property "nguon_ht" on array', 'APPPATH\\Models\\KinhPhiModel.php', 107)
 2 APPPATH\Controllers\Dashboard\KinhPhiController.php(29): App\Models\KinhPhiModel->getKinhPhi([...])
 3 SYSTEMPATH\CodeIgniter.php(934): App\Controllers\Dashboard\KinhPhiController->funding_ajax()
 4 SYSTEMPATH\CodeIgniter.php(499): CodeIgniter\CodeIgniter->runController(Object(App\Controllers\Dashboard\KinhPhiController))
 5 SYSTEMPATH\CodeIgniter.php(368): CodeIgniter\CodeIgniter->handleRequest(null, Object(Config\Cache), false)
 6 FCPATH\index.php(67): CodeIgniter\CodeIgniter->run()
