ERROR - 2024-11-22 04:13:36 --> mysqli_sql_exception: Unknown column 'ten_tai_san' in 'order clause' in D:\Xampp\htdocs\QuanLyTaiSan\system\Database\MySQLi\Connection.php:295
Stack trace:
#0 D:\Xampp\htdocs\QuanLyTaiSan\system\Database\MySQLi\Connection.php(295): mysqli->query('SELECT *\nFROM `...', 0)
#1 D:\Xampp\htdocs\QuanLyTaiSan\system\Database\BaseConnection.php(691): CodeIgniter\Database\MySQLi\Connection->execute('SELECT *\nFROM `...')
#2 D:\Xampp\htdocs\QuanLyTaiSan\system\Database\BaseConnection.php(605): CodeIgniter\Database\BaseConnection->simpleQuery('SELECT *\nFROM `...')
#3 D:\Xampp\htdocs\QuanLyTaiSan\system\Database\BaseBuilder.php(1616): CodeIgniter\Database\BaseConnection->query('SELECT *\nFROM `...', Array, false)
#4 D:\Xampp\htdocs\QuanLyTaiSan\system\Model.php(203): CodeIgniter\Database\BaseBuilder->get()
#5 D:\Xampp\htdocs\QuanLyTaiSan\system\BaseModel.php(557): CodeIgniter\Model->doFind(false, NULL)
#6 D:\Xampp\htdocs\QuanLyTaiSan\app\Models\DuAnModel.php(93): CodeIgniter\BaseModel->find()
#7 D:\Xampp\htdocs\QuanLyTaiSan\app\Controllers\Dashboard\DuAnController.php(27): App\Models\DuAnModel->getDuAn(Array)
#8 D:\Xampp\htdocs\QuanLyTaiSan\system\CodeIgniter.php(934): App\Controllers\Dashboard\DuAnController->project_ajax()
#9 D:\Xampp\htdocs\QuanLyTaiSan\system\CodeIgniter.php(499): CodeIgniter\CodeIgniter->runController(Object(App\Controllers\Dashboard\DuAnController))
#10 D:\Xampp\htdocs\QuanLyTaiSan\system\CodeIgniter.php(368): CodeIgniter\CodeIgniter->handleRequest(NULL, Object(Config\Cache), false)
#11 D:\Xampp\htdocs\QuanLyTaiSan\public\index.php(67): CodeIgniter\CodeIgniter->run()
#12 {main}
CRITICAL - 2024-11-22 04:13:36 --> Unknown column 'ten_tai_san' in 'order clause'
in SYSTEMPATH\Database\BaseConnection.php on line 645.
 1 SYSTEMPATH\Database\BaseBuilder.php(1616): CodeIgniter\Database\BaseConnection->query('SELECT *
FROM `du_an`
WHERE `ten_da` LIKE :ten_da: ESCAPE \'!\'
ORDER BY `ten_tai_san` ASC
 LIMIT 10', [...], false)
 2 SYSTEMPATH\Model.php(203): CodeIgniter\Database\BaseBuilder->get()
 3 SYSTEMPATH\BaseModel.php(557): CodeIgniter\Model->doFind(false, null)
 4 APPPATH\Models\DuAnModel.php(93): CodeIgniter\BaseModel->find()
 5 APPPATH\Controllers\Dashboard\DuAnController.php(27): App\Models\DuAnModel->getDuAn([...])
 6 SYSTEMPATH\CodeIgniter.php(934): App\Controllers\Dashboard\DuAnController->project_ajax()
 7 SYSTEMPATH\CodeIgniter.php(499): CodeIgniter\CodeIgniter->runController(Object(App\Controllers\Dashboard\DuAnController))
 8 SYSTEMPATH\CodeIgniter.php(368): CodeIgniter\CodeIgniter->handleRequest(null, Object(Config\Cache), false)
 9 FCPATH\index.php(67): CodeIgniter\CodeIgniter->run()
ERROR - 2024-11-22 04:14:04 --> mysqli_sql_exception: Unknown column 'ten_tai_san' in 'order clause' in D:\Xampp\htdocs\QuanLyTaiSan\system\Database\MySQLi\Connection.php:295
Stack trace:
#0 D:\Xampp\htdocs\QuanLyTaiSan\system\Database\MySQLi\Connection.php(295): mysqli->query('SELECT *\nFROM `...', 0)
#1 D:\Xampp\htdocs\QuanLyTaiSan\system\Database\BaseConnection.php(691): CodeIgniter\Database\MySQLi\Connection->execute('SELECT *\nFROM `...')
#2 D:\Xampp\htdocs\QuanLyTaiSan\system\Database\BaseConnection.php(605): CodeIgniter\Database\BaseConnection->simpleQuery('SELECT *\nFROM `...')
#3 D:\Xampp\htdocs\QuanLyTaiSan\system\Database\BaseBuilder.php(1616): CodeIgniter\Database\BaseConnection->query('SELECT *\nFROM `...', Array, false)
#4 D:\Xampp\htdocs\QuanLyTaiSan\system\Model.php(203): CodeIgniter\Database\BaseBuilder->get()
#5 D:\Xampp\htdocs\QuanLyTaiSan\system\BaseModel.php(557): CodeIgniter\Model->doFind(false, NULL)
#6 D:\Xampp\htdocs\QuanLyTaiSan\app\Models\DuAnModel.php(93): CodeIgniter\BaseModel->find()
#7 D:\Xampp\htdocs\QuanLyTaiSan\app\Controllers\Dashboard\TaiSanNgoaiController.php(27): App\Models\DuAnModel->getDuAn(Array)
#8 D:\Xampp\htdocs\QuanLyTaiSan\system\CodeIgniter.php(934): App\Controllers\Dashboard\TaiSanNgoaiController->asset_ajax()
#9 D:\Xampp\htdocs\QuanLyTaiSan\system\CodeIgniter.php(499): CodeIgniter\CodeIgniter->runController(Object(App\Controllers\Dashboard\TaiSanNgoaiController))
#10 D:\Xampp\htdocs\QuanLyTaiSan\system\CodeIgniter.php(368): CodeIgniter\CodeIgniter->handleRequest(NULL, Object(Config\Cache), false)
#11 D:\Xampp\htdocs\QuanLyTaiSan\public\index.php(67): CodeIgniter\CodeIgniter->run()
#12 {main}
CRITICAL - 2024-11-22 04:14:04 --> Unknown column 'ten_tai_san' in 'order clause'
in SYSTEMPATH\Database\BaseConnection.php on line 645.
 1 SYSTEMPATH\Database\BaseBuilder.php(1616): CodeIgniter\Database\BaseConnection->query('SELECT *
FROM `du_an`
WHERE `ten_da` LIKE :ten_da: ESCAPE \'!\'
ORDER BY `ten_tai_san` ASC
 LIMIT 10', [...], false)
 2 SYSTEMPATH\Model.php(203): CodeIgniter\Database\BaseBuilder->get()
 3 SYSTEMPATH\BaseModel.php(557): CodeIgniter\Model->doFind(false, null)
 4 APPPATH\Models\DuAnModel.php(93): CodeIgniter\BaseModel->find()
 5 APPPATH\Controllers\Dashboard\TaiSanNgoaiController.php(27): App\Models\DuAnModel->getDuAn([...])
 6 SYSTEMPATH\CodeIgniter.php(934): App\Controllers\Dashboard\TaiSanNgoaiController->asset_ajax()
 7 SYSTEMPATH\CodeIgniter.php(499): CodeIgniter\CodeIgniter->runController(Object(App\Controllers\Dashboard\TaiSanNgoaiController))
 8 SYSTEMPATH\CodeIgniter.php(368): CodeIgniter\CodeIgniter->handleRequest(null, Object(Config\Cache), false)
 9 FCPATH\index.php(67): CodeIgniter\CodeIgniter->run()
ERROR - 2024-11-22 04:15:45 --> mysqli_sql_exception: Unknown column 'ten_tai_san' in 'where clause' in D:\Xampp\htdocs\QuanLyTaiSan\system\Database\MySQLi\Connection.php:295
Stack trace:
#0 D:\Xampp\htdocs\QuanLyTaiSan\system\Database\MySQLi\Connection.php(295): mysqli->query('SELECT *\nFROM `...', 0)
#1 D:\Xampp\htdocs\QuanLyTaiSan\system\Database\BaseConnection.php(691): CodeIgniter\Database\MySQLi\Connection->execute('SELECT *\nFROM `...')
#2 D:\Xampp\htdocs\QuanLyTaiSan\system\Database\BaseConnection.php(605): CodeIgniter\Database\BaseConnection->simpleQuery('SELECT *\nFROM `...')
#3 D:\Xampp\htdocs\QuanLyTaiSan\system\Database\BaseBuilder.php(1616): CodeIgniter\Database\BaseConnection->query('SELECT *\nFROM `...', Array, false)
#4 D:\Xampp\htdocs\QuanLyTaiSan\system\Model.php(203): CodeIgniter\Database\BaseBuilder->get()
#5 D:\Xampp\htdocs\QuanLyTaiSan\system\BaseModel.php(557): CodeIgniter\Model->doFind(false, NULL)
#6 D:\Xampp\htdocs\QuanLyTaiSan\app\Models\TaiSanNgoaiModel.php(90): CodeIgniter\BaseModel->find()
#7 D:\Xampp\htdocs\QuanLyTaiSan\app\Controllers\Dashboard\TaiSanNgoaiController.php(29): App\Models\TaiSanNgoaiModel->getTaiSanNgoai(Array)
#8 D:\Xampp\htdocs\QuanLyTaiSan\system\CodeIgniter.php(934): App\Controllers\Dashboard\TaiSanNgoaiController->asset_ajax()
#9 D:\Xampp\htdocs\QuanLyTaiSan\system\CodeIgniter.php(499): CodeIgniter\CodeIgniter->runController(Object(App\Controllers\Dashboard\TaiSanNgoaiController))
#10 D:\Xampp\htdocs\QuanLyTaiSan\system\CodeIgniter.php(368): CodeIgniter\CodeIgniter->handleRequest(NULL, Object(Config\Cache), false)
#11 D:\Xampp\htdocs\QuanLyTaiSan\public\index.php(67): CodeIgniter\CodeIgniter->run()
#12 {main}
CRITICAL - 2024-11-22 04:15:45 --> Unknown column 'ten_tai_san' in 'where clause'
in SYSTEMPATH\Database\BaseConnection.php on line 645.
 1 SYSTEMPATH\Database\BaseBuilder.php(1616): CodeIgniter\Database\BaseConnection->query('SELECT *
FROM `du_an`
WHERE `ten_tai_san` LIKE :ten_tai_san: ESCAPE \'!\'
ORDER BY `ten_tai_san` ASC
 LIMIT 10', [...], false)
 2 SYSTEMPATH\Model.php(203): CodeIgniter\Database\BaseBuilder->get()
 3 SYSTEMPATH\BaseModel.php(557): CodeIgniter\Model->doFind(false, null)
 4 APPPATH\Models\TaiSanNgoaiModel.php(90): CodeIgniter\BaseModel->find()
 5 APPPATH\Controllers\Dashboard\TaiSanNgoaiController.php(29): App\Models\TaiSanNgoaiModel->getTaiSanNgoai([...])
 6 SYSTEMPATH\CodeIgniter.php(934): App\Controllers\Dashboard\TaiSanNgoaiController->asset_ajax()
 7 SYSTEMPATH\CodeIgniter.php(499): CodeIgniter\CodeIgniter->runController(Object(App\Controllers\Dashboard\TaiSanNgoaiController))
 8 SYSTEMPATH\CodeIgniter.php(368): CodeIgniter\CodeIgniter->handleRequest(null, Object(Config\Cache), false)
 9 FCPATH\index.php(67): CodeIgniter\CodeIgniter->run()
ERROR - 2024-11-22 04:16:06 --> mysqli_sql_exception: Unknown column 'ten_tai_san' in 'where clause' in D:\Xampp\htdocs\QuanLyTaiSan\system\Database\MySQLi\Connection.php:295
Stack trace:
#0 D:\Xampp\htdocs\QuanLyTaiSan\system\Database\MySQLi\Connection.php(295): mysqli->query('SELECT *\nFROM `...', 0)
#1 D:\Xampp\htdocs\QuanLyTaiSan\system\Database\BaseConnection.php(691): CodeIgniter\Database\MySQLi\Connection->execute('SELECT *\nFROM `...')
#2 D:\Xampp\htdocs\QuanLyTaiSan\system\Database\BaseConnection.php(605): CodeIgniter\Database\BaseConnection->simpleQuery('SELECT *\nFROM `...')
#3 D:\Xampp\htdocs\QuanLyTaiSan\system\Database\BaseBuilder.php(1616): CodeIgniter\Database\BaseConnection->query('SELECT *\nFROM `...', Array, false)
#4 D:\Xampp\htdocs\QuanLyTaiSan\system\Model.php(203): CodeIgniter\Database\BaseBuilder->get()
#5 D:\Xampp\htdocs\QuanLyTaiSan\system\BaseModel.php(557): CodeIgniter\Model->doFind(false, NULL)
#6 D:\Xampp\htdocs\QuanLyTaiSan\app\Models\TaiSanNgoaiModel.php(90): CodeIgniter\BaseModel->find()
#7 D:\Xampp\htdocs\QuanLyTaiSan\app\Controllers\Dashboard\TaiSanNgoaiController.php(29): App\Models\TaiSanNgoaiModel->getTaiSanNgoai(Array)
#8 D:\Xampp\htdocs\QuanLyTaiSan\system\CodeIgniter.php(934): App\Controllers\Dashboard\TaiSanNgoaiController->asset_ajax()
#9 D:\Xampp\htdocs\QuanLyTaiSan\system\CodeIgniter.php(499): CodeIgniter\CodeIgniter->runController(Object(App\Controllers\Dashboard\TaiSanNgoaiController))
#10 D:\Xampp\htdocs\QuanLyTaiSan\system\CodeIgniter.php(368): CodeIgniter\CodeIgniter->handleRequest(NULL, Object(Config\Cache), false)
#11 D:\Xampp\htdocs\QuanLyTaiSan\public\index.php(67): CodeIgniter\CodeIgniter->run()
#12 {main}
CRITICAL - 2024-11-22 04:16:06 --> Unknown column 'ten_tai_san' in 'where clause'
in SYSTEMPATH\Database\BaseConnection.php on line 645.
 1 SYSTEMPATH\Database\BaseBuilder.php(1616): CodeIgniter\Database\BaseConnection->query('SELECT *
FROM `du_an`
WHERE `ten_tai_san` LIKE :ten_tai_san: ESCAPE \'!\'
ORDER BY `ten_tai_san` ASC
 LIMIT 10', [...], false)
 2 SYSTEMPATH\Model.php(203): CodeIgniter\Database\BaseBuilder->get()
 3 SYSTEMPATH\BaseModel.php(557): CodeIgniter\Model->doFind(false, null)
 4 APPPATH\Models\TaiSanNgoaiModel.php(90): CodeIgniter\BaseModel->find()
 5 APPPATH\Controllers\Dashboard\TaiSanNgoaiController.php(29): App\Models\TaiSanNgoaiModel->getTaiSanNgoai([...])
 6 SYSTEMPATH\CodeIgniter.php(934): App\Controllers\Dashboard\TaiSanNgoaiController->asset_ajax()
 7 SYSTEMPATH\CodeIgniter.php(499): CodeIgniter\CodeIgniter->runController(Object(App\Controllers\Dashboard\TaiSanNgoaiController))
 8 SYSTEMPATH\CodeIgniter.php(368): CodeIgniter\CodeIgniter->handleRequest(null, Object(Config\Cache), false)
 9 FCPATH\index.php(67): CodeIgniter\CodeIgniter->run()
CRITICAL - 2024-11-22 09:48:58 --> Undefined array key "ma_da"
in APPPATH\Models\DuAnModel.php on line 56.
 1 APPPATH\Models\DuAnModel.php(56): CodeIgniter\Debug\Exceptions->errorHandler(2, 'Undefined array key "ma_da"', 'APPPATH\\Models\\DuAnModel.php', 56)
 2 APPPATH\Controllers\Dashboard\TaiSanNgoaiController.php(63): App\Models\DuAnModel->delete_da([...])
 3 SYSTEMPATH\CodeIgniter.php(934): App\Controllers\Dashboard\TaiSanNgoaiController->delete_asset()
 4 SYSTEMPATH\CodeIgniter.php(499): CodeIgniter\CodeIgniter->runController(Object(App\Controllers\Dashboard\TaiSanNgoaiController))
 5 SYSTEMPATH\CodeIgniter.php(368): CodeIgniter\CodeIgniter->handleRequest(null, Object(Config\Cache), false)
 6 FCPATH\index.php(67): CodeIgniter\CodeIgniter->run()
CRITICAL - 2024-11-22 09:49:07 --> Undefined array key "ma_da"
in APPPATH\Models\DuAnModel.php on line 56.
 1 APPPATH\Models\DuAnModel.php(56): CodeIgniter\Debug\Exceptions->errorHandler(2, 'Undefined array key "ma_da"', 'APPPATH\\Models\\DuAnModel.php', 56)
 2 APPPATH\Controllers\Dashboard\TaiSanNgoaiController.php(63): App\Models\DuAnModel->delete_da([...])
 3 SYSTEMPATH\CodeIgniter.php(934): App\Controllers\Dashboard\TaiSanNgoaiController->delete_asset()
 4 SYSTEMPATH\CodeIgniter.php(499): CodeIgniter\CodeIgniter->runController(Object(App\Controllers\Dashboard\TaiSanNgoaiController))
 5 SYSTEMPATH\CodeIgniter.php(368): CodeIgniter\CodeIgniter->handleRequest(null, Object(Config\Cache), false)
 6 FCPATH\index.php(67): CodeIgniter\CodeIgniter->run()
