CRITICAL - 2023-06-27 03:20:41 --> "alpha_cvsh" is not a valid rule.
in SYSTEMPATH\Validation\Validation.php on line 320.
 1 SYSTEMPATH\Validation\Validation.php(320): CodeIgniter\Validation\Exceptions\ValidationException::forRuleNotFound('alpha_cvsh')
 2 SYSTEMPATH\Validation\Validation.php(170): CodeIgniter\Validation\Validation->processRules('ma_cv', 'ma_cv', 'CVCD001', [...], [...])
 3 SYSTEMPATH\BaseModel.php(1453): CodeIgniter\Validation\Validation->run([...], null, null)
 4 APPPATH\Models\ChucVuModel.php(21): CodeIgniter\BaseModel->validate([...])
 5 APPPATH\Controllers\Dashboard\ChucVuController.php(36): App\Models\ChucVuModel->add_cv([...])
 6 SYSTEMPATH\CodeIgniter.php(934): App\Controllers\Dashboard\ChucVuController->add_position()
 7 SYSTEMPATH\CodeIgniter.php(499): CodeIgniter\CodeIgniter->runController(Object(App\Controllers\Dashboard\ChucVuController))
 8 SYSTEMPATH\CodeIgniter.php(368): CodeIgniter\CodeIgniter->handleRequest(null, Object(Config\Cache), false)
 9 FCPATH\index.php(67): CodeIgniter\CodeIgniter->run()
CRITICAL - 2023-06-27 03:22:39 --> "alpha_cvsh" is not a valid rule.
in SYSTEMPATH\Validation\Validation.php on line 320.
 1 SYSTEMPATH\Validation\Validation.php(320): CodeIgniter\Validation\Exceptions\ValidationException::forRuleNotFound('alpha_cvsh')
 2 SYSTEMPATH\Validation\Validation.php(170): CodeIgniter\Validation\Validation->processRules('ma_cv', 'ma_cv', 'CVCD001', [...], [...])
 3 SYSTEMPATH\BaseModel.php(1453): CodeIgniter\Validation\Validation->run([...], null, null)
 4 APPPATH\Models\ChucVuModel.php(21): CodeIgniter\BaseModel->validate([...])
 5 APPPATH\Controllers\Dashboard\ChucVuController.php(36): App\Models\ChucVuModel->add_cv([...])
 6 SYSTEMPATH\CodeIgniter.php(934): App\Controllers\Dashboard\ChucVuController->add_position()
 7 SYSTEMPATH\CodeIgniter.php(499): CodeIgniter\CodeIgniter->runController(Object(App\Controllers\Dashboard\ChucVuController))
 8 SYSTEMPATH\CodeIgniter.php(368): CodeIgniter\CodeIgniter->handleRequest(null, Object(Config\Cache), false)
 9 FCPATH\index.php(67): CodeIgniter\CodeIgniter->run()
CRITICAL - 2023-06-27 03:31:59 --> "alpha_cvsh" is not a valid rule.
in SYSTEMPATH\Validation\Validation.php on line 320.
 1 SYSTEMPATH\Validation\Validation.php(320): CodeIgniter\Validation\Exceptions\ValidationException::forRuleNotFound('alpha_cvsh')
 2 SYSTEMPATH\Validation\Validation.php(170): CodeIgniter\Validation\Validation->processRules('ma_cv', 'ma_cv', 'CVCD001', [...], [...])
 3 SYSTEMPATH\BaseModel.php(1453): CodeIgniter\Validation\Validation->run([...], null, null)
 4 APPPATH\Models\ChucVuModel.php(21): CodeIgniter\BaseModel->validate([...])
 5 APPPATH\Controllers\Dashboard\ChucVuController.php(36): App\Models\ChucVuModel->add_cv([...])
 6 SYSTEMPATH\CodeIgniter.php(934): App\Controllers\Dashboard\ChucVuController->add_position()
 7 SYSTEMPATH\CodeIgniter.php(499): CodeIgniter\CodeIgniter->runController(Object(App\Controllers\Dashboard\ChucVuController))
 8 SYSTEMPATH\CodeIgniter.php(368): CodeIgniter\CodeIgniter->handleRequest(null, Object(Config\Cache), false)
 9 FCPATH\index.php(67): CodeIgniter\CodeIgniter->run()
CRITICAL - 2023-06-27 03:32:00 --> "alpha_cvsh" is not a valid rule.
in SYSTEMPATH\Validation\Validation.php on line 320.
 1 SYSTEMPATH\Validation\Validation.php(320): CodeIgniter\Validation\Exceptions\ValidationException::forRuleNotFound('alpha_cvsh')
 2 SYSTEMPATH\Validation\Validation.php(170): CodeIgniter\Validation\Validation->processRules('ma_cv', 'ma_cv', 'CVCD001', [...], [...])
 3 SYSTEMPATH\BaseModel.php(1453): CodeIgniter\Validation\Validation->run([...], null, null)
 4 APPPATH\Models\ChucVuModel.php(21): CodeIgniter\BaseModel->validate([...])
 5 APPPATH\Controllers\Dashboard\ChucVuController.php(36): App\Models\ChucVuModel->add_cv([...])
 6 SYSTEMPATH\CodeIgniter.php(934): App\Controllers\Dashboard\ChucVuController->add_position()
 7 SYSTEMPATH\CodeIgniter.php(499): CodeIgniter\CodeIgniter->runController(Object(App\Controllers\Dashboard\ChucVuController))
 8 SYSTEMPATH\CodeIgniter.php(368): CodeIgniter\CodeIgniter->handleRequest(null, Object(Config\Cache), false)
 9 FCPATH\index.php(67): CodeIgniter\CodeIgniter->run()
CRITICAL - 2023-06-27 03:33:16 --> "alpha_cvsh" is not a valid rule.
in SYSTEMPATH\Validation\Validation.php on line 320.
 1 SYSTEMPATH\Validation\Validation.php(320): CodeIgniter\Validation\Exceptions\ValidationException::forRuleNotFound('alpha_cvsh')
 2 SYSTEMPATH\Validation\Validation.php(170): CodeIgniter\Validation\Validation->processRules('ma_cv', 'ma_cv', 'CVCD001', [...], [...])
 3 SYSTEMPATH\BaseModel.php(1453): CodeIgniter\Validation\Validation->run([...], null, null)
 4 APPPATH\Models\ChucVuModel.php(21): CodeIgniter\BaseModel->validate([...])
 5 APPPATH\Controllers\Dashboard\ChucVuController.php(36): App\Models\ChucVuModel->add_cv([...])
 6 SYSTEMPATH\CodeIgniter.php(934): App\Controllers\Dashboard\ChucVuController->add_position()
 7 SYSTEMPATH\CodeIgniter.php(499): CodeIgniter\CodeIgniter->runController(Object(App\Controllers\Dashboard\ChucVuController))
 8 SYSTEMPATH\CodeIgniter.php(368): CodeIgniter\CodeIgniter->handleRequest(null, Object(Config\Cache), false)
 9 FCPATH\index.php(67): CodeIgniter\CodeIgniter->run()
CRITICAL - 2023-06-27 03:35:28 --> "alpha_cvsh" is not a valid rule.
in SYSTEMPATH\Validation\Validation.php on line 320.
 1 SYSTEMPATH\Validation\Validation.php(320): CodeIgniter\Validation\Exceptions\ValidationException::forRuleNotFound('alpha_cvsh')
 2 SYSTEMPATH\Validation\Validation.php(170): CodeIgniter\Validation\Validation->processRules('ma_cv', 'ma_cv', 'CVCD001', [...], [...])
 3 SYSTEMPATH\BaseModel.php(1453): CodeIgniter\Validation\Validation->run([...], null, null)
 4 APPPATH\Models\ChucVuModel.php(21): CodeIgniter\BaseModel->validate([...])
 5 APPPATH\Controllers\Dashboard\ChucVuController.php(36): App\Models\ChucVuModel->add_cv([...])
 6 SYSTEMPATH\CodeIgniter.php(934): App\Controllers\Dashboard\ChucVuController->add_position()
 7 SYSTEMPATH\CodeIgniter.php(499): CodeIgniter\CodeIgniter->runController(Object(App\Controllers\Dashboard\ChucVuController))
 8 SYSTEMPATH\CodeIgniter.php(368): CodeIgniter\CodeIgniter->handleRequest(null, Object(Config\Cache), false)
 9 FCPATH\index.php(67): CodeIgniter\CodeIgniter->run()
