CRITICAL - 2023-07-12 02:31:47 --> Call to undefined method App\Models\DMTaiSanModel::add_asset
in SYSTEMPATH\Model.php on line 842.
 1 APPPATH\Controllers\Dashboard\DMTaiSanController.php(37): CodeIgniter\Model->__call('add_asset', [...])
 2 SYSTEMPATH\CodeIgniter.php(934): App\Controllers\Dashboard\DMTaiSanController->add_dm()
 3 SYSTEMPATH\CodeIgniter.php(499): CodeIgniter\CodeIgniter->runController(Object(App\Controllers\Dashboard\DMTaiSanController))
 4 SYSTEMPATH\CodeIgniter.php(368): CodeIgniter\CodeIgniter->handleRequest(null, Object(Config\Cache), false)
 5 FCPATH\index.php(67): CodeIgniter\CodeIgniter->run()
ERROR - 2023-07-12 02:33:29 --> mysqli_sql_exception: Operand should contain 1 column(s) in D:\Xampp\htdocs\QuanLyTaiSan\system\Database\MySQLi\Connection.php:295
Stack trace:
#0 D:\Xampp\htdocs\QuanLyTaiSan\system\Database\MySQLi\Connection.php(295): mysqli->query('INSERT INTO `dm...', 0)
#1 D:\Xampp\htdocs\QuanLyTaiSan\system\Database\BaseConnection.php(691): CodeIgniter\Database\MySQLi\Connection->execute('INSERT INTO `dm...')
#2 D:\Xampp\htdocs\QuanLyTaiSan\system\Database\BaseConnection.php(605): CodeIgniter\Database\BaseConnection->simpleQuery('INSERT INTO `dm...')
#3 D:\Xampp\htdocs\QuanLyTaiSan\system\Database\BaseBuilder.php(2309): CodeIgniter\Database\BaseConnection->query('INSERT INTO `dm...', Array, false)
#4 D:\Xampp\htdocs\QuanLyTaiSan\system\Model.php(330): CodeIgniter\Database\BaseBuilder->insert()
#5 D:\Xampp\htdocs\QuanLyTaiSan\system\BaseModel.php(782): CodeIgniter\Model->doInsert(Array)
#6 D:\Xampp\htdocs\QuanLyTaiSan\system\Model.php(730): CodeIgniter\BaseModel->insert(Array, true)
#7 D:\Xampp\htdocs\QuanLyTaiSan\app\Models\DMTaiSanModel.php(27): CodeIgniter\Model->insert(Array)
#8 D:\Xampp\htdocs\QuanLyTaiSan\app\Controllers\Dashboard\DMTaiSanController.php(37): App\Models\DMTaiSanModel->add_dm(Array)
#9 D:\Xampp\htdocs\QuanLyTaiSan\system\CodeIgniter.php(934): App\Controllers\Dashboard\DMTaiSanController->add_dm()
#10 D:\Xampp\htdocs\QuanLyTaiSan\system\CodeIgniter.php(499): CodeIgniter\CodeIgniter->runController(Object(App\Controllers\Dashboard\DMTaiSanController))
#11 D:\Xampp\htdocs\QuanLyTaiSan\system\CodeIgniter.php(368): CodeIgniter\CodeIgniter->handleRequest(NULL, Object(Config\Cache), false)
#12 D:\Xampp\htdocs\QuanLyTaiSan\public\index.php(67): CodeIgniter\CodeIgniter->run()
#13 {main}
CRITICAL - 2023-07-12 02:33:29 --> Operand should contain 1 column(s)
in SYSTEMPATH\Database\BaseConnection.php on line 645.
 1 SYSTEMPATH\Database\BaseBuilder.php(2309): CodeIgniter\Database\BaseConnection->query('INSERT INTO `dm_tai_san` (`ma_dm`, `ten_dm`, `don_vi`, `dinh_muc`, `data`, `su_dung`) VALUES (:ma_dm:, :ten_dm:, :don_vi:, :dinh_muc:, :data:, :su_dung:)', [...], false)
 2 SYSTEMPATH\Model.php(330): CodeIgniter\Database\BaseBuilder->insert()
 3 SYSTEMPATH\BaseModel.php(782): CodeIgniter\Model->doInsert([...])
 4 SYSTEMPATH\Model.php(730): CodeIgniter\BaseModel->insert([...], true)
 5 APPPATH\Models\DMTaiSanModel.php(27): CodeIgniter\Model->insert([...])
 6 APPPATH\Controllers\Dashboard\DMTaiSanController.php(37): App\Models\DMTaiSanModel->add_dm([...])
 7 SYSTEMPATH\CodeIgniter.php(934): App\Controllers\Dashboard\DMTaiSanController->add_dm()
 8 SYSTEMPATH\CodeIgniter.php(499): CodeIgniter\CodeIgniter->runController(Object(App\Controllers\Dashboard\DMTaiSanController))
 9 SYSTEMPATH\CodeIgniter.php(368): CodeIgniter\CodeIgniter->handleRequest(null, Object(Config\Cache), false)
10 FCPATH\index.php(67): CodeIgniter\CodeIgniter->run()
ERROR - 2023-07-12 02:34:20 --> mysqli_sql_exception: Operand should contain 1 column(s) in D:\Xampp\htdocs\QuanLyTaiSan\system\Database\MySQLi\Connection.php:295
Stack trace:
#0 D:\Xampp\htdocs\QuanLyTaiSan\system\Database\MySQLi\Connection.php(295): mysqli->query('INSERT INTO `dm...', 0)
#1 D:\Xampp\htdocs\QuanLyTaiSan\system\Database\BaseConnection.php(691): CodeIgniter\Database\MySQLi\Connection->execute('INSERT INTO `dm...')
#2 D:\Xampp\htdocs\QuanLyTaiSan\system\Database\BaseConnection.php(605): CodeIgniter\Database\BaseConnection->simpleQuery('INSERT INTO `dm...')
#3 D:\Xampp\htdocs\QuanLyTaiSan\system\Database\BaseBuilder.php(2309): CodeIgniter\Database\BaseConnection->query('INSERT INTO `dm...', Array, false)
#4 D:\Xampp\htdocs\QuanLyTaiSan\system\Model.php(330): CodeIgniter\Database\BaseBuilder->insert()
#5 D:\Xampp\htdocs\QuanLyTaiSan\system\BaseModel.php(782): CodeIgniter\Model->doInsert(Array)
#6 D:\Xampp\htdocs\QuanLyTaiSan\system\Model.php(730): CodeIgniter\BaseModel->insert(Array, true)
#7 D:\Xampp\htdocs\QuanLyTaiSan\app\Models\DMTaiSanModel.php(27): CodeIgniter\Model->insert(Array)
#8 D:\Xampp\htdocs\QuanLyTaiSan\app\Controllers\Dashboard\DMTaiSanController.php(37): App\Models\DMTaiSanModel->add_dm(Array)
#9 D:\Xampp\htdocs\QuanLyTaiSan\system\CodeIgniter.php(934): App\Controllers\Dashboard\DMTaiSanController->add_dm()
#10 D:\Xampp\htdocs\QuanLyTaiSan\system\CodeIgniter.php(499): CodeIgniter\CodeIgniter->runController(Object(App\Controllers\Dashboard\DMTaiSanController))
#11 D:\Xampp\htdocs\QuanLyTaiSan\system\CodeIgniter.php(368): CodeIgniter\CodeIgniter->handleRequest(NULL, Object(Config\Cache), false)
#12 D:\Xampp\htdocs\QuanLyTaiSan\public\index.php(67): CodeIgniter\CodeIgniter->run()
#13 {main}
CRITICAL - 2023-07-12 02:34:20 --> Operand should contain 1 column(s)
in SYSTEMPATH\Database\BaseConnection.php on line 645.
 1 SYSTEMPATH\Database\BaseBuilder.php(2309): CodeIgniter\Database\BaseConnection->query('INSERT INTO `dm_tai_san` (`ma_dm`, `ten_dm`, `don_vi`, `dinh_muc`, `data`) VALUES (:ma_dm:, :ten_dm:, :don_vi:, :dinh_muc:, :data:)', [...], false)
 2 SYSTEMPATH\Model.php(330): CodeIgniter\Database\BaseBuilder->insert()
 3 SYSTEMPATH\BaseModel.php(782): CodeIgniter\Model->doInsert([...])
 4 SYSTEMPATH\Model.php(730): CodeIgniter\BaseModel->insert([...], true)
 5 APPPATH\Models\DMTaiSanModel.php(27): CodeIgniter\Model->insert([...])
 6 APPPATH\Controllers\Dashboard\DMTaiSanController.php(37): App\Models\DMTaiSanModel->add_dm([...])
 7 SYSTEMPATH\CodeIgniter.php(934): App\Controllers\Dashboard\DMTaiSanController->add_dm()
 8 SYSTEMPATH\CodeIgniter.php(499): CodeIgniter\CodeIgniter->runController(Object(App\Controllers\Dashboard\DMTaiSanController))
 9 SYSTEMPATH\CodeIgniter.php(368): CodeIgniter\CodeIgniter->handleRequest(null, Object(Config\Cache), false)
10 FCPATH\index.php(67): CodeIgniter\CodeIgniter->run()
ERROR - 2023-07-12 02:34:32 --> mysqli_sql_exception: Operand should contain 1 column(s) in D:\Xampp\htdocs\QuanLyTaiSan\system\Database\MySQLi\Connection.php:295
Stack trace:
#0 D:\Xampp\htdocs\QuanLyTaiSan\system\Database\MySQLi\Connection.php(295): mysqli->query('INSERT INTO `dm...', 0)
#1 D:\Xampp\htdocs\QuanLyTaiSan\system\Database\BaseConnection.php(691): CodeIgniter\Database\MySQLi\Connection->execute('INSERT INTO `dm...')
#2 D:\Xampp\htdocs\QuanLyTaiSan\system\Database\BaseConnection.php(605): CodeIgniter\Database\BaseConnection->simpleQuery('INSERT INTO `dm...')
#3 D:\Xampp\htdocs\QuanLyTaiSan\system\Database\BaseBuilder.php(2309): CodeIgniter\Database\BaseConnection->query('INSERT INTO `dm...', Array, false)
#4 D:\Xampp\htdocs\QuanLyTaiSan\system\Model.php(330): CodeIgniter\Database\BaseBuilder->insert()
#5 D:\Xampp\htdocs\QuanLyTaiSan\system\BaseModel.php(782): CodeIgniter\Model->doInsert(Array)
#6 D:\Xampp\htdocs\QuanLyTaiSan\system\Model.php(730): CodeIgniter\BaseModel->insert(Array, true)
#7 D:\Xampp\htdocs\QuanLyTaiSan\app\Models\DMTaiSanModel.php(27): CodeIgniter\Model->insert(Array)
#8 D:\Xampp\htdocs\QuanLyTaiSan\app\Controllers\Dashboard\DMTaiSanController.php(37): App\Models\DMTaiSanModel->add_dm(Array)
#9 D:\Xampp\htdocs\QuanLyTaiSan\system\CodeIgniter.php(934): App\Controllers\Dashboard\DMTaiSanController->add_dm()
#10 D:\Xampp\htdocs\QuanLyTaiSan\system\CodeIgniter.php(499): CodeIgniter\CodeIgniter->runController(Object(App\Controllers\Dashboard\DMTaiSanController))
#11 D:\Xampp\htdocs\QuanLyTaiSan\system\CodeIgniter.php(368): CodeIgniter\CodeIgniter->handleRequest(NULL, Object(Config\Cache), false)
#12 D:\Xampp\htdocs\QuanLyTaiSan\public\index.php(67): CodeIgniter\CodeIgniter->run()
#13 {main}
CRITICAL - 2023-07-12 02:34:32 --> Operand should contain 1 column(s)
in SYSTEMPATH\Database\BaseConnection.php on line 645.
 1 SYSTEMPATH\Database\BaseBuilder.php(2309): CodeIgniter\Database\BaseConnection->query('INSERT INTO `dm_tai_san` (`ma_dm`, `ten_dm`, `don_vi`, `data`, `su_dung`) VALUES (:ma_dm:, :ten_dm:, :don_vi:, :data:, :su_dung:)', [...], false)
 2 SYSTEMPATH\Model.php(330): CodeIgniter\Database\BaseBuilder->insert()
 3 SYSTEMPATH\BaseModel.php(782): CodeIgniter\Model->doInsert([...])
 4 SYSTEMPATH\Model.php(730): CodeIgniter\BaseModel->insert([...], true)
 5 APPPATH\Models\DMTaiSanModel.php(27): CodeIgniter\Model->insert([...])
 6 APPPATH\Controllers\Dashboard\DMTaiSanController.php(37): App\Models\DMTaiSanModel->add_dm([...])
 7 SYSTEMPATH\CodeIgniter.php(934): App\Controllers\Dashboard\DMTaiSanController->add_dm()
 8 SYSTEMPATH\CodeIgniter.php(499): CodeIgniter\CodeIgniter->runController(Object(App\Controllers\Dashboard\DMTaiSanController))
 9 SYSTEMPATH\CodeIgniter.php(368): CodeIgniter\CodeIgniter->handleRequest(null, Object(Config\Cache), false)
10 FCPATH\index.php(67): CodeIgniter\CodeIgniter->run()
ERROR - 2023-07-12 03:02:35 --> mysqli_sql_exception: Unknown column 'data' in 'field list' in D:\Xampp\htdocs\QuanLyTaiSan\system\Database\MySQLi\Connection.php:295
Stack trace:
#0 D:\Xampp\htdocs\QuanLyTaiSan\system\Database\MySQLi\Connection.php(295): mysqli->query('UPDATE `dm_tai_...', 0)
#1 D:\Xampp\htdocs\QuanLyTaiSan\system\Database\BaseConnection.php(691): CodeIgniter\Database\MySQLi\Connection->execute('UPDATE `dm_tai_...')
#2 D:\Xampp\htdocs\QuanLyTaiSan\system\Database\BaseConnection.php(605): CodeIgniter\Database\BaseConnection->simpleQuery('UPDATE `dm_tai_...')
#3 D:\Xampp\htdocs\QuanLyTaiSan\system\Database\BaseBuilder.php(2476): CodeIgniter\Database\BaseConnection->query('UPDATE `dm_tai_...', Array, false)
#4 D:\Xampp\htdocs\QuanLyTaiSan\system\Model.php(396): CodeIgniter\Database\BaseBuilder->update()
#5 D:\Xampp\htdocs\QuanLyTaiSan\system\BaseModel.php(943): CodeIgniter\Model->doUpdate(Array, Array)
#6 D:\Xampp\htdocs\QuanLyTaiSan\system\Model.php(756): CodeIgniter\BaseModel->update(Array, Array)
#7 D:\Xampp\htdocs\QuanLyTaiSan\app\Models\DMTaiSanModel.php(52): CodeIgniter\Model->update('0', Array)
#8 D:\Xampp\htdocs\QuanLyTaiSan\app\Controllers\Dashboard\DMTaiSanController.php(63): App\Models\DMTaiSanModel->edit_dm(Array)
#9 D:\Xampp\htdocs\QuanLyTaiSan\system\CodeIgniter.php(934): App\Controllers\Dashboard\DMTaiSanController->edit_dm()
#10 D:\Xampp\htdocs\QuanLyTaiSan\system\CodeIgniter.php(499): CodeIgniter\CodeIgniter->runController(Object(App\Controllers\Dashboard\DMTaiSanController))
#11 D:\Xampp\htdocs\QuanLyTaiSan\system\CodeIgniter.php(368): CodeIgniter\CodeIgniter->handleRequest(NULL, Object(Config\Cache), false)
#12 D:\Xampp\htdocs\QuanLyTaiSan\public\index.php(67): CodeIgniter\CodeIgniter->run()
#13 {main}
CRITICAL - 2023-07-12 03:02:35 --> Unknown column 'data' in 'field list'
in SYSTEMPATH\Database\BaseConnection.php on line 645.
 1 SYSTEMPATH\Database\BaseBuilder.php(2476): CodeIgniter\Database\BaseConnection->query('UPDATE `dm_tai_san` SET `ten_dm` = :ten_dm:, `don_vi` = :don_vi:, `dinh_muc` = :dinh_muc:, `data` = :data:, `su_dung` = :su_dung:
WHERE `dm_tai_san`.`ma_dm` IN :dm_tai_san.ma_dm:', [...], false)
 2 SYSTEMPATH\Model.php(396): CodeIgniter\Database\BaseBuilder->update()
 3 SYSTEMPATH\BaseModel.php(943): CodeIgniter\Model->doUpdate([...], [...])
 4 SYSTEMPATH\Model.php(756): CodeIgniter\BaseModel->update([...], [...])
 5 APPPATH\Models\DMTaiSanModel.php(52): CodeIgniter\Model->update('0', [...])
 6 APPPATH\Controllers\Dashboard\DMTaiSanController.php(63): App\Models\DMTaiSanModel->edit_dm([...])
 7 SYSTEMPATH\CodeIgniter.php(934): App\Controllers\Dashboard\DMTaiSanController->edit_dm()
 8 SYSTEMPATH\CodeIgniter.php(499): CodeIgniter\CodeIgniter->runController(Object(App\Controllers\Dashboard\DMTaiSanController))
 9 SYSTEMPATH\CodeIgniter.php(368): CodeIgniter\CodeIgniter->handleRequest(null, Object(Config\Cache), false)
10 FCPATH\index.php(67): CodeIgniter\CodeIgniter->run()
ERROR - 2023-07-12 03:03:08 --> mysqli_sql_exception: Unknown column 'data' in 'field list' in D:\Xampp\htdocs\QuanLyTaiSan\system\Database\MySQLi\Connection.php:295
Stack trace:
#0 D:\Xampp\htdocs\QuanLyTaiSan\system\Database\MySQLi\Connection.php(295): mysqli->query('UPDATE `dm_tai_...', 0)
#1 D:\Xampp\htdocs\QuanLyTaiSan\system\Database\BaseConnection.php(691): CodeIgniter\Database\MySQLi\Connection->execute('UPDATE `dm_tai_...')
#2 D:\Xampp\htdocs\QuanLyTaiSan\system\Database\BaseConnection.php(605): CodeIgniter\Database\BaseConnection->simpleQuery('UPDATE `dm_tai_...')
#3 D:\Xampp\htdocs\QuanLyTaiSan\system\Database\BaseBuilder.php(2476): CodeIgniter\Database\BaseConnection->query('UPDATE `dm_tai_...', Array, false)
#4 D:\Xampp\htdocs\QuanLyTaiSan\system\Model.php(396): CodeIgniter\Database\BaseBuilder->update()
#5 D:\Xampp\htdocs\QuanLyTaiSan\system\BaseModel.php(943): CodeIgniter\Model->doUpdate(Array, Array)
#6 D:\Xampp\htdocs\QuanLyTaiSan\system\Model.php(756): CodeIgniter\BaseModel->update(Array, Array)
#7 D:\Xampp\htdocs\QuanLyTaiSan\app\Models\DMTaiSanModel.php(52): CodeIgniter\Model->update('0', Array)
#8 D:\Xampp\htdocs\QuanLyTaiSan\app\Controllers\Dashboard\DMTaiSanController.php(63): App\Models\DMTaiSanModel->edit_dm(Array)
#9 D:\Xampp\htdocs\QuanLyTaiSan\system\CodeIgniter.php(934): App\Controllers\Dashboard\DMTaiSanController->edit_dm()
#10 D:\Xampp\htdocs\QuanLyTaiSan\system\CodeIgniter.php(499): CodeIgniter\CodeIgniter->runController(Object(App\Controllers\Dashboard\DMTaiSanController))
#11 D:\Xampp\htdocs\QuanLyTaiSan\system\CodeIgniter.php(368): CodeIgniter\CodeIgniter->handleRequest(NULL, Object(Config\Cache), false)
#12 D:\Xampp\htdocs\QuanLyTaiSan\public\index.php(67): CodeIgniter\CodeIgniter->run()
#13 {main}
CRITICAL - 2023-07-12 03:03:08 --> Unknown column 'data' in 'field list'
in SYSTEMPATH\Database\BaseConnection.php on line 645.
 1 SYSTEMPATH\Database\BaseBuilder.php(2476): CodeIgniter\Database\BaseConnection->query('UPDATE `dm_tai_san` SET `ten_dm` = :ten_dm:, `don_vi` = :don_vi:, `dinh_muc` = :dinh_muc:, `data` = :data:, `su_dung` = :su_dung:
WHERE `dm_tai_san`.`ma_dm` IN :dm_tai_san.ma_dm:', [...], false)
 2 SYSTEMPATH\Model.php(396): CodeIgniter\Database\BaseBuilder->update()
 3 SYSTEMPATH\BaseModel.php(943): CodeIgniter\Model->doUpdate([...], [...])
 4 SYSTEMPATH\Model.php(756): CodeIgniter\BaseModel->update([...], [...])
 5 APPPATH\Models\DMTaiSanModel.php(52): CodeIgniter\Model->update('0', [...])
 6 APPPATH\Controllers\Dashboard\DMTaiSanController.php(63): App\Models\DMTaiSanModel->edit_dm([...])
 7 SYSTEMPATH\CodeIgniter.php(934): App\Controllers\Dashboard\DMTaiSanController->edit_dm()
 8 SYSTEMPATH\CodeIgniter.php(499): CodeIgniter\CodeIgniter->runController(Object(App\Controllers\Dashboard\DMTaiSanController))
 9 SYSTEMPATH\CodeIgniter.php(368): CodeIgniter\CodeIgniter->handleRequest(null, Object(Config\Cache), false)
10 FCPATH\index.php(67): CodeIgniter\CodeIgniter->run()
ERROR - 2023-07-12 03:03:09 --> mysqli_sql_exception: Unknown column 'data' in 'field list' in D:\Xampp\htdocs\QuanLyTaiSan\system\Database\MySQLi\Connection.php:295
Stack trace:
#0 D:\Xampp\htdocs\QuanLyTaiSan\system\Database\MySQLi\Connection.php(295): mysqli->query('UPDATE `dm_tai_...', 0)
#1 D:\Xampp\htdocs\QuanLyTaiSan\system\Database\BaseConnection.php(691): CodeIgniter\Database\MySQLi\Connection->execute('UPDATE `dm_tai_...')
#2 D:\Xampp\htdocs\QuanLyTaiSan\system\Database\BaseConnection.php(605): CodeIgniter\Database\BaseConnection->simpleQuery('UPDATE `dm_tai_...')
#3 D:\Xampp\htdocs\QuanLyTaiSan\system\Database\BaseBuilder.php(2476): CodeIgniter\Database\BaseConnection->query('UPDATE `dm_tai_...', Array, false)
#4 D:\Xampp\htdocs\QuanLyTaiSan\system\Model.php(396): CodeIgniter\Database\BaseBuilder->update()
#5 D:\Xampp\htdocs\QuanLyTaiSan\system\BaseModel.php(943): CodeIgniter\Model->doUpdate(Array, Array)
#6 D:\Xampp\htdocs\QuanLyTaiSan\system\Model.php(756): CodeIgniter\BaseModel->update(Array, Array)
#7 D:\Xampp\htdocs\QuanLyTaiSan\app\Models\DMTaiSanModel.php(52): CodeIgniter\Model->update('0', Array)
#8 D:\Xampp\htdocs\QuanLyTaiSan\app\Controllers\Dashboard\DMTaiSanController.php(63): App\Models\DMTaiSanModel->edit_dm(Array)
#9 D:\Xampp\htdocs\QuanLyTaiSan\system\CodeIgniter.php(934): App\Controllers\Dashboard\DMTaiSanController->edit_dm()
#10 D:\Xampp\htdocs\QuanLyTaiSan\system\CodeIgniter.php(499): CodeIgniter\CodeIgniter->runController(Object(App\Controllers\Dashboard\DMTaiSanController))
#11 D:\Xampp\htdocs\QuanLyTaiSan\system\CodeIgniter.php(368): CodeIgniter\CodeIgniter->handleRequest(NULL, Object(Config\Cache), false)
#12 D:\Xampp\htdocs\QuanLyTaiSan\public\index.php(67): CodeIgniter\CodeIgniter->run()
#13 {main}
CRITICAL - 2023-07-12 03:03:09 --> Unknown column 'data' in 'field list'
in SYSTEMPATH\Database\BaseConnection.php on line 645.
 1 SYSTEMPATH\Database\BaseBuilder.php(2476): CodeIgniter\Database\BaseConnection->query('UPDATE `dm_tai_san` SET `ten_dm` = :ten_dm:, `don_vi` = :don_vi:, `dinh_muc` = :dinh_muc:, `data` = :data:, `su_dung` = :su_dung:
WHERE `dm_tai_san`.`ma_dm` IN :dm_tai_san.ma_dm:', [...], false)
 2 SYSTEMPATH\Model.php(396): CodeIgniter\Database\BaseBuilder->update()
 3 SYSTEMPATH\BaseModel.php(943): CodeIgniter\Model->doUpdate([...], [...])
 4 SYSTEMPATH\Model.php(756): CodeIgniter\BaseModel->update([...], [...])
 5 APPPATH\Models\DMTaiSanModel.php(52): CodeIgniter\Model->update('0', [...])
 6 APPPATH\Controllers\Dashboard\DMTaiSanController.php(63): App\Models\DMTaiSanModel->edit_dm([...])
 7 SYSTEMPATH\CodeIgniter.php(934): App\Controllers\Dashboard\DMTaiSanController->edit_dm()
 8 SYSTEMPATH\CodeIgniter.php(499): CodeIgniter\CodeIgniter->runController(Object(App\Controllers\Dashboard\DMTaiSanController))
 9 SYSTEMPATH\CodeIgniter.php(368): CodeIgniter\CodeIgniter->handleRequest(null, Object(Config\Cache), false)
10 FCPATH\index.php(67): CodeIgniter\CodeIgniter->run()
ERROR - 2023-07-12 03:03:10 --> mysqli_sql_exception: Unknown column 'data' in 'field list' in D:\Xampp\htdocs\QuanLyTaiSan\system\Database\MySQLi\Connection.php:295
Stack trace:
#0 D:\Xampp\htdocs\QuanLyTaiSan\system\Database\MySQLi\Connection.php(295): mysqli->query('UPDATE `dm_tai_...', 0)
#1 D:\Xampp\htdocs\QuanLyTaiSan\system\Database\BaseConnection.php(691): CodeIgniter\Database\MySQLi\Connection->execute('UPDATE `dm_tai_...')
#2 D:\Xampp\htdocs\QuanLyTaiSan\system\Database\BaseConnection.php(605): CodeIgniter\Database\BaseConnection->simpleQuery('UPDATE `dm_tai_...')
#3 D:\Xampp\htdocs\QuanLyTaiSan\system\Database\BaseBuilder.php(2476): CodeIgniter\Database\BaseConnection->query('UPDATE `dm_tai_...', Array, false)
#4 D:\Xampp\htdocs\QuanLyTaiSan\system\Model.php(396): CodeIgniter\Database\BaseBuilder->update()
#5 D:\Xampp\htdocs\QuanLyTaiSan\system\BaseModel.php(943): CodeIgniter\Model->doUpdate(Array, Array)
#6 D:\Xampp\htdocs\QuanLyTaiSan\system\Model.php(756): CodeIgniter\BaseModel->update(Array, Array)
#7 D:\Xampp\htdocs\QuanLyTaiSan\app\Models\DMTaiSanModel.php(52): CodeIgniter\Model->update('0', Array)
#8 D:\Xampp\htdocs\QuanLyTaiSan\app\Controllers\Dashboard\DMTaiSanController.php(63): App\Models\DMTaiSanModel->edit_dm(Array)
#9 D:\Xampp\htdocs\QuanLyTaiSan\system\CodeIgniter.php(934): App\Controllers\Dashboard\DMTaiSanController->edit_dm()
#10 D:\Xampp\htdocs\QuanLyTaiSan\system\CodeIgniter.php(499): CodeIgniter\CodeIgniter->runController(Object(App\Controllers\Dashboard\DMTaiSanController))
#11 D:\Xampp\htdocs\QuanLyTaiSan\system\CodeIgniter.php(368): CodeIgniter\CodeIgniter->handleRequest(NULL, Object(Config\Cache), false)
#12 D:\Xampp\htdocs\QuanLyTaiSan\public\index.php(67): CodeIgniter\CodeIgniter->run()
#13 {main}
CRITICAL - 2023-07-12 03:03:10 --> Unknown column 'data' in 'field list'
in SYSTEMPATH\Database\BaseConnection.php on line 645.
 1 SYSTEMPATH\Database\BaseBuilder.php(2476): CodeIgniter\Database\BaseConnection->query('UPDATE `dm_tai_san` SET `ten_dm` = :ten_dm:, `don_vi` = :don_vi:, `dinh_muc` = :dinh_muc:, `data` = :data:, `su_dung` = :su_dung:
WHERE `dm_tai_san`.`ma_dm` IN :dm_tai_san.ma_dm:', [...], false)
 2 SYSTEMPATH\Model.php(396): CodeIgniter\Database\BaseBuilder->update()
 3 SYSTEMPATH\BaseModel.php(943): CodeIgniter\Model->doUpdate([...], [...])
 4 SYSTEMPATH\Model.php(756): CodeIgniter\BaseModel->update([...], [...])
 5 APPPATH\Models\DMTaiSanModel.php(52): CodeIgniter\Model->update('0', [...])
 6 APPPATH\Controllers\Dashboard\DMTaiSanController.php(63): App\Models\DMTaiSanModel->edit_dm([...])
 7 SYSTEMPATH\CodeIgniter.php(934): App\Controllers\Dashboard\DMTaiSanController->edit_dm()
 8 SYSTEMPATH\CodeIgniter.php(499): CodeIgniter\CodeIgniter->runController(Object(App\Controllers\Dashboard\DMTaiSanController))
 9 SYSTEMPATH\CodeIgniter.php(368): CodeIgniter\CodeIgniter->handleRequest(null, Object(Config\Cache), false)
10 FCPATH\index.php(67): CodeIgniter\CodeIgniter->run()
ERROR - 2023-07-12 03:03:43 --> mysqli_sql_exception: Unknown column 'data' in 'field list' in D:\Xampp\htdocs\QuanLyTaiSan\system\Database\MySQLi\Connection.php:295
Stack trace:
#0 D:\Xampp\htdocs\QuanLyTaiSan\system\Database\MySQLi\Connection.php(295): mysqli->query('UPDATE `dm_tai_...', 0)
#1 D:\Xampp\htdocs\QuanLyTaiSan\system\Database\BaseConnection.php(691): CodeIgniter\Database\MySQLi\Connection->execute('UPDATE `dm_tai_...')
#2 D:\Xampp\htdocs\QuanLyTaiSan\system\Database\BaseConnection.php(605): CodeIgniter\Database\BaseConnection->simpleQuery('UPDATE `dm_tai_...')
#3 D:\Xampp\htdocs\QuanLyTaiSan\system\Database\BaseBuilder.php(2476): CodeIgniter\Database\BaseConnection->query('UPDATE `dm_tai_...', Array, false)
#4 D:\Xampp\htdocs\QuanLyTaiSan\system\Model.php(396): CodeIgniter\Database\BaseBuilder->update()
#5 D:\Xampp\htdocs\QuanLyTaiSan\system\BaseModel.php(943): CodeIgniter\Model->doUpdate(Array, Array)
#6 D:\Xampp\htdocs\QuanLyTaiSan\system\Model.php(756): CodeIgniter\BaseModel->update(Array, Array)
#7 D:\Xampp\htdocs\QuanLyTaiSan\app\Models\DMTaiSanModel.php(52): CodeIgniter\Model->update('0', Array)
#8 D:\Xampp\htdocs\QuanLyTaiSan\app\Controllers\Dashboard\DMTaiSanController.php(63): App\Models\DMTaiSanModel->edit_dm(Array)
#9 D:\Xampp\htdocs\QuanLyTaiSan\system\CodeIgniter.php(934): App\Controllers\Dashboard\DMTaiSanController->edit_dm()
#10 D:\Xampp\htdocs\QuanLyTaiSan\system\CodeIgniter.php(499): CodeIgniter\CodeIgniter->runController(Object(App\Controllers\Dashboard\DMTaiSanController))
#11 D:\Xampp\htdocs\QuanLyTaiSan\system\CodeIgniter.php(368): CodeIgniter\CodeIgniter->handleRequest(NULL, Object(Config\Cache), false)
#12 D:\Xampp\htdocs\QuanLyTaiSan\public\index.php(67): CodeIgniter\CodeIgniter->run()
#13 {main}
CRITICAL - 2023-07-12 03:03:43 --> Unknown column 'data' in 'field list'
in SYSTEMPATH\Database\BaseConnection.php on line 645.
 1 SYSTEMPATH\Database\BaseBuilder.php(2476): CodeIgniter\Database\BaseConnection->query('UPDATE `dm_tai_san` SET `ten_dm` = :ten_dm:, `don_vi` = :don_vi:, `dinh_muc` = :dinh_muc:, `data` = :data:, `su_dung` = :su_dung:
WHERE `dm_tai_san`.`ma_dm` IN :dm_tai_san.ma_dm:', [...], false)
 2 SYSTEMPATH\Model.php(396): CodeIgniter\Database\BaseBuilder->update()
 3 SYSTEMPATH\BaseModel.php(943): CodeIgniter\Model->doUpdate([...], [...])
 4 SYSTEMPATH\Model.php(756): CodeIgniter\BaseModel->update([...], [...])
 5 APPPATH\Models\DMTaiSanModel.php(52): CodeIgniter\Model->update('0', [...])
 6 APPPATH\Controllers\Dashboard\DMTaiSanController.php(63): App\Models\DMTaiSanModel->edit_dm([...])
 7 SYSTEMPATH\CodeIgniter.php(934): App\Controllers\Dashboard\DMTaiSanController->edit_dm()
 8 SYSTEMPATH\CodeIgniter.php(499): CodeIgniter\CodeIgniter->runController(Object(App\Controllers\Dashboard\DMTaiSanController))
 9 SYSTEMPATH\CodeIgniter.php(368): CodeIgniter\CodeIgniter->handleRequest(null, Object(Config\Cache), false)
10 FCPATH\index.php(67): CodeIgniter\CodeIgniter->run()
ERROR - 2023-07-12 03:03:47 --> mysqli_sql_exception: Unknown column 'data' in 'field list' in D:\Xampp\htdocs\QuanLyTaiSan\system\Database\MySQLi\Connection.php:295
Stack trace:
#0 D:\Xampp\htdocs\QuanLyTaiSan\system\Database\MySQLi\Connection.php(295): mysqli->query('UPDATE `dm_tai_...', 0)
#1 D:\Xampp\htdocs\QuanLyTaiSan\system\Database\BaseConnection.php(691): CodeIgniter\Database\MySQLi\Connection->execute('UPDATE `dm_tai_...')
#2 D:\Xampp\htdocs\QuanLyTaiSan\system\Database\BaseConnection.php(605): CodeIgniter\Database\BaseConnection->simpleQuery('UPDATE `dm_tai_...')
#3 D:\Xampp\htdocs\QuanLyTaiSan\system\Database\BaseBuilder.php(2476): CodeIgniter\Database\BaseConnection->query('UPDATE `dm_tai_...', Array, false)
#4 D:\Xampp\htdocs\QuanLyTaiSan\system\Model.php(396): CodeIgniter\Database\BaseBuilder->update()
#5 D:\Xampp\htdocs\QuanLyTaiSan\system\BaseModel.php(943): CodeIgniter\Model->doUpdate(Array, Array)
#6 D:\Xampp\htdocs\QuanLyTaiSan\system\Model.php(756): CodeIgniter\BaseModel->update(Array, Array)
#7 D:\Xampp\htdocs\QuanLyTaiSan\app\Models\DMTaiSanModel.php(52): CodeIgniter\Model->update('0', Array)
#8 D:\Xampp\htdocs\QuanLyTaiSan\app\Controllers\Dashboard\DMTaiSanController.php(63): App\Models\DMTaiSanModel->edit_dm(Array)
#9 D:\Xampp\htdocs\QuanLyTaiSan\system\CodeIgniter.php(934): App\Controllers\Dashboard\DMTaiSanController->edit_dm()
#10 D:\Xampp\htdocs\QuanLyTaiSan\system\CodeIgniter.php(499): CodeIgniter\CodeIgniter->runController(Object(App\Controllers\Dashboard\DMTaiSanController))
#11 D:\Xampp\htdocs\QuanLyTaiSan\system\CodeIgniter.php(368): CodeIgniter\CodeIgniter->handleRequest(NULL, Object(Config\Cache), false)
#12 D:\Xampp\htdocs\QuanLyTaiSan\public\index.php(67): CodeIgniter\CodeIgniter->run()
#13 {main}
CRITICAL - 2023-07-12 03:03:47 --> Unknown column 'data' in 'field list'
in SYSTEMPATH\Database\BaseConnection.php on line 645.
 1 SYSTEMPATH\Database\BaseBuilder.php(2476): CodeIgniter\Database\BaseConnection->query('UPDATE `dm_tai_san` SET `ten_dm` = :ten_dm:, `don_vi` = :don_vi:, `dinh_muc` = :dinh_muc:, `data` = :data:, `su_dung` = :su_dung:
WHERE `dm_tai_san`.`ma_dm` IN :dm_tai_san.ma_dm:', [...], false)
 2 SYSTEMPATH\Model.php(396): CodeIgniter\Database\BaseBuilder->update()
 3 SYSTEMPATH\BaseModel.php(943): CodeIgniter\Model->doUpdate([...], [...])
 4 SYSTEMPATH\Model.php(756): CodeIgniter\BaseModel->update([...], [...])
 5 APPPATH\Models\DMTaiSanModel.php(52): CodeIgniter\Model->update('0', [...])
 6 APPPATH\Controllers\Dashboard\DMTaiSanController.php(63): App\Models\DMTaiSanModel->edit_dm([...])
 7 SYSTEMPATH\CodeIgniter.php(934): App\Controllers\Dashboard\DMTaiSanController->edit_dm()
 8 SYSTEMPATH\CodeIgniter.php(499): CodeIgniter\CodeIgniter->runController(Object(App\Controllers\Dashboard\DMTaiSanController))
 9 SYSTEMPATH\CodeIgniter.php(368): CodeIgniter\CodeIgniter->handleRequest(null, Object(Config\Cache), false)
10 FCPATH\index.php(67): CodeIgniter\CodeIgniter->run()
ERROR - 2023-07-12 03:03:48 --> mysqli_sql_exception: Unknown column 'data' in 'field list' in D:\Xampp\htdocs\QuanLyTaiSan\system\Database\MySQLi\Connection.php:295
Stack trace:
#0 D:\Xampp\htdocs\QuanLyTaiSan\system\Database\MySQLi\Connection.php(295): mysqli->query('UPDATE `dm_tai_...', 0)
#1 D:\Xampp\htdocs\QuanLyTaiSan\system\Database\BaseConnection.php(691): CodeIgniter\Database\MySQLi\Connection->execute('UPDATE `dm_tai_...')
#2 D:\Xampp\htdocs\QuanLyTaiSan\system\Database\BaseConnection.php(605): CodeIgniter\Database\BaseConnection->simpleQuery('UPDATE `dm_tai_...')
#3 D:\Xampp\htdocs\QuanLyTaiSan\system\Database\BaseBuilder.php(2476): CodeIgniter\Database\BaseConnection->query('UPDATE `dm_tai_...', Array, false)
#4 D:\Xampp\htdocs\QuanLyTaiSan\system\Model.php(396): CodeIgniter\Database\BaseBuilder->update()
#5 D:\Xampp\htdocs\QuanLyTaiSan\system\BaseModel.php(943): CodeIgniter\Model->doUpdate(Array, Array)
#6 D:\Xampp\htdocs\QuanLyTaiSan\system\Model.php(756): CodeIgniter\BaseModel->update(Array, Array)
#7 D:\Xampp\htdocs\QuanLyTaiSan\app\Models\DMTaiSanModel.php(52): CodeIgniter\Model->update('0', Array)
#8 D:\Xampp\htdocs\QuanLyTaiSan\app\Controllers\Dashboard\DMTaiSanController.php(63): App\Models\DMTaiSanModel->edit_dm(Array)
#9 D:\Xampp\htdocs\QuanLyTaiSan\system\CodeIgniter.php(934): App\Controllers\Dashboard\DMTaiSanController->edit_dm()
#10 D:\Xampp\htdocs\QuanLyTaiSan\system\CodeIgniter.php(499): CodeIgniter\CodeIgniter->runController(Object(App\Controllers\Dashboard\DMTaiSanController))
#11 D:\Xampp\htdocs\QuanLyTaiSan\system\CodeIgniter.php(368): CodeIgniter\CodeIgniter->handleRequest(NULL, Object(Config\Cache), false)
#12 D:\Xampp\htdocs\QuanLyTaiSan\public\index.php(67): CodeIgniter\CodeIgniter->run()
#13 {main}
CRITICAL - 2023-07-12 03:03:48 --> Unknown column 'data' in 'field list'
in SYSTEMPATH\Database\BaseConnection.php on line 645.
 1 SYSTEMPATH\Database\BaseBuilder.php(2476): CodeIgniter\Database\BaseConnection->query('UPDATE `dm_tai_san` SET `ten_dm` = :ten_dm:, `don_vi` = :don_vi:, `dinh_muc` = :dinh_muc:, `data` = :data:, `su_dung` = :su_dung:
WHERE `dm_tai_san`.`ma_dm` IN :dm_tai_san.ma_dm:', [...], false)
 2 SYSTEMPATH\Model.php(396): CodeIgniter\Database\BaseBuilder->update()
 3 SYSTEMPATH\BaseModel.php(943): CodeIgniter\Model->doUpdate([...], [...])
 4 SYSTEMPATH\Model.php(756): CodeIgniter\BaseModel->update([...], [...])
 5 APPPATH\Models\DMTaiSanModel.php(52): CodeIgniter\Model->update('0', [...])
 6 APPPATH\Controllers\Dashboard\DMTaiSanController.php(63): App\Models\DMTaiSanModel->edit_dm([...])
 7 SYSTEMPATH\CodeIgniter.php(934): App\Controllers\Dashboard\DMTaiSanController->edit_dm()
 8 SYSTEMPATH\CodeIgniter.php(499): CodeIgniter\CodeIgniter->runController(Object(App\Controllers\Dashboard\DMTaiSanController))
 9 SYSTEMPATH\CodeIgniter.php(368): CodeIgniter\CodeIgniter->handleRequest(null, Object(Config\Cache), false)
10 FCPATH\index.php(67): CodeIgniter\CodeIgniter->run()
ERROR - 2023-07-12 03:04:04 --> mysqli_sql_exception: Unknown column 'data' in 'field list' in D:\Xampp\htdocs\QuanLyTaiSan\system\Database\MySQLi\Connection.php:295
Stack trace:
#0 D:\Xampp\htdocs\QuanLyTaiSan\system\Database\MySQLi\Connection.php(295): mysqli->query('UPDATE `dm_tai_...', 0)
#1 D:\Xampp\htdocs\QuanLyTaiSan\system\Database\BaseConnection.php(691): CodeIgniter\Database\MySQLi\Connection->execute('UPDATE `dm_tai_...')
#2 D:\Xampp\htdocs\QuanLyTaiSan\system\Database\BaseConnection.php(605): CodeIgniter\Database\BaseConnection->simpleQuery('UPDATE `dm_tai_...')
#3 D:\Xampp\htdocs\QuanLyTaiSan\system\Database\BaseBuilder.php(2476): CodeIgniter\Database\BaseConnection->query('UPDATE `dm_tai_...', Array, false)
#4 D:\Xampp\htdocs\QuanLyTaiSan\system\Model.php(396): CodeIgniter\Database\BaseBuilder->update()
#5 D:\Xampp\htdocs\QuanLyTaiSan\system\BaseModel.php(943): CodeIgniter\Model->doUpdate(Array, Array)
#6 D:\Xampp\htdocs\QuanLyTaiSan\system\Model.php(756): CodeIgniter\BaseModel->update(Array, Array)
#7 D:\Xampp\htdocs\QuanLyTaiSan\app\Models\DMTaiSanModel.php(52): CodeIgniter\Model->update('0', Array)
#8 D:\Xampp\htdocs\QuanLyTaiSan\app\Controllers\Dashboard\DMTaiSanController.php(63): App\Models\DMTaiSanModel->edit_dm(Array)
#9 D:\Xampp\htdocs\QuanLyTaiSan\system\CodeIgniter.php(934): App\Controllers\Dashboard\DMTaiSanController->edit_dm()
#10 D:\Xampp\htdocs\QuanLyTaiSan\system\CodeIgniter.php(499): CodeIgniter\CodeIgniter->runController(Object(App\Controllers\Dashboard\DMTaiSanController))
#11 D:\Xampp\htdocs\QuanLyTaiSan\system\CodeIgniter.php(368): CodeIgniter\CodeIgniter->handleRequest(NULL, Object(Config\Cache), false)
#12 D:\Xampp\htdocs\QuanLyTaiSan\public\index.php(67): CodeIgniter\CodeIgniter->run()
#13 {main}
CRITICAL - 2023-07-12 03:04:04 --> Unknown column 'data' in 'field list'
in SYSTEMPATH\Database\BaseConnection.php on line 645.
 1 SYSTEMPATH\Database\BaseBuilder.php(2476): CodeIgniter\Database\BaseConnection->query('UPDATE `dm_tai_san` SET `ten_dm` = :ten_dm:, `don_vi` = :don_vi:, `dinh_muc` = :dinh_muc:, `data` = :data:, `su_dung` = :su_dung:
WHERE `dm_tai_san`.`ma_dm` IN :dm_tai_san.ma_dm:', [...], false)
 2 SYSTEMPATH\Model.php(396): CodeIgniter\Database\BaseBuilder->update()
 3 SYSTEMPATH\BaseModel.php(943): CodeIgniter\Model->doUpdate([...], [...])
 4 SYSTEMPATH\Model.php(756): CodeIgniter\BaseModel->update([...], [...])
 5 APPPATH\Models\DMTaiSanModel.php(52): CodeIgniter\Model->update('0', [...])
 6 APPPATH\Controllers\Dashboard\DMTaiSanController.php(63): App\Models\DMTaiSanModel->edit_dm([...])
 7 SYSTEMPATH\CodeIgniter.php(934): App\Controllers\Dashboard\DMTaiSanController->edit_dm()
 8 SYSTEMPATH\CodeIgniter.php(499): CodeIgniter\CodeIgniter->runController(Object(App\Controllers\Dashboard\DMTaiSanController))
 9 SYSTEMPATH\CodeIgniter.php(368): CodeIgniter\CodeIgniter->handleRequest(null, Object(Config\Cache), false)
10 FCPATH\index.php(67): CodeIgniter\CodeIgniter->run()
ERROR - 2023-07-12 03:04:12 --> mysqli_sql_exception: Unknown column 'data' in 'field list' in D:\Xampp\htdocs\QuanLyTaiSan\system\Database\MySQLi\Connection.php:295
Stack trace:
#0 D:\Xampp\htdocs\QuanLyTaiSan\system\Database\MySQLi\Connection.php(295): mysqli->query('UPDATE `dm_tai_...', 0)
#1 D:\Xampp\htdocs\QuanLyTaiSan\system\Database\BaseConnection.php(691): CodeIgniter\Database\MySQLi\Connection->execute('UPDATE `dm_tai_...')
#2 D:\Xampp\htdocs\QuanLyTaiSan\system\Database\BaseConnection.php(605): CodeIgniter\Database\BaseConnection->simpleQuery('UPDATE `dm_tai_...')
#3 D:\Xampp\htdocs\QuanLyTaiSan\system\Database\BaseBuilder.php(2476): CodeIgniter\Database\BaseConnection->query('UPDATE `dm_tai_...', Array, false)
#4 D:\Xampp\htdocs\QuanLyTaiSan\system\Model.php(396): CodeIgniter\Database\BaseBuilder->update()
#5 D:\Xampp\htdocs\QuanLyTaiSan\system\BaseModel.php(943): CodeIgniter\Model->doUpdate(Array, Array)
#6 D:\Xampp\htdocs\QuanLyTaiSan\system\Model.php(756): CodeIgniter\BaseModel->update(Array, Array)
#7 D:\Xampp\htdocs\QuanLyTaiSan\app\Models\DMTaiSanModel.php(52): CodeIgniter\Model->update('0', Array)
#8 D:\Xampp\htdocs\QuanLyTaiSan\app\Controllers\Dashboard\DMTaiSanController.php(63): App\Models\DMTaiSanModel->edit_dm(Array)
#9 D:\Xampp\htdocs\QuanLyTaiSan\system\CodeIgniter.php(934): App\Controllers\Dashboard\DMTaiSanController->edit_dm()
#10 D:\Xampp\htdocs\QuanLyTaiSan\system\CodeIgniter.php(499): CodeIgniter\CodeIgniter->runController(Object(App\Controllers\Dashboard\DMTaiSanController))
#11 D:\Xampp\htdocs\QuanLyTaiSan\system\CodeIgniter.php(368): CodeIgniter\CodeIgniter->handleRequest(NULL, Object(Config\Cache), false)
#12 D:\Xampp\htdocs\QuanLyTaiSan\public\index.php(67): CodeIgniter\CodeIgniter->run()
#13 {main}
CRITICAL - 2023-07-12 03:04:12 --> Unknown column 'data' in 'field list'
in SYSTEMPATH\Database\BaseConnection.php on line 645.
 1 SYSTEMPATH\Database\BaseBuilder.php(2476): CodeIgniter\Database\BaseConnection->query('UPDATE `dm_tai_san` SET `ten_dm` = :ten_dm:, `don_vi` = :don_vi:, `dinh_muc` = :dinh_muc:, `data` = :data:, `su_dung` = :su_dung:
WHERE `dm_tai_san`.`ma_dm` IN :dm_tai_san.ma_dm:', [...], false)
 2 SYSTEMPATH\Model.php(396): CodeIgniter\Database\BaseBuilder->update()
 3 SYSTEMPATH\BaseModel.php(943): CodeIgniter\Model->doUpdate([...], [...])
 4 SYSTEMPATH\Model.php(756): CodeIgniter\BaseModel->update([...], [...])
 5 APPPATH\Models\DMTaiSanModel.php(52): CodeIgniter\Model->update('0', [...])
 6 APPPATH\Controllers\Dashboard\DMTaiSanController.php(63): App\Models\DMTaiSanModel->edit_dm([...])
 7 SYSTEMPATH\CodeIgniter.php(934): App\Controllers\Dashboard\DMTaiSanController->edit_dm()
 8 SYSTEMPATH\CodeIgniter.php(499): CodeIgniter\CodeIgniter->runController(Object(App\Controllers\Dashboard\DMTaiSanController))
 9 SYSTEMPATH\CodeIgniter.php(368): CodeIgniter\CodeIgniter->handleRequest(null, Object(Config\Cache), false)
10 FCPATH\index.php(67): CodeIgniter\CodeIgniter->run()
ERROR - 2023-07-12 03:22:25 --> mysqli_sql_exception: Unknown column 'data' in 'field list' in D:\Xampp\htdocs\QuanLyTaiSan\system\Database\MySQLi\Connection.php:295
Stack trace:
#0 D:\Xampp\htdocs\QuanLyTaiSan\system\Database\MySQLi\Connection.php(295): mysqli->query('UPDATE `dm_tai_...', 0)
#1 D:\Xampp\htdocs\QuanLyTaiSan\system\Database\BaseConnection.php(691): CodeIgniter\Database\MySQLi\Connection->execute('UPDATE `dm_tai_...')
#2 D:\Xampp\htdocs\QuanLyTaiSan\system\Database\BaseConnection.php(605): CodeIgniter\Database\BaseConnection->simpleQuery('UPDATE `dm_tai_...')
#3 D:\Xampp\htdocs\QuanLyTaiSan\system\Database\BaseBuilder.php(2476): CodeIgniter\Database\BaseConnection->query('UPDATE `dm_tai_...', Array, false)
#4 D:\Xampp\htdocs\QuanLyTaiSan\system\Model.php(396): CodeIgniter\Database\BaseBuilder->update()
#5 D:\Xampp\htdocs\QuanLyTaiSan\system\BaseModel.php(943): CodeIgniter\Model->doUpdate(Array, Array)
#6 D:\Xampp\htdocs\QuanLyTaiSan\system\Model.php(756): CodeIgniter\BaseModel->update(Array, Array)
#7 D:\Xampp\htdocs\QuanLyTaiSan\app\Models\DMTaiSanModel.php(52): CodeIgniter\Model->update('DMTS0001', Array)
#8 D:\Xampp\htdocs\QuanLyTaiSan\app\Controllers\Dashboard\DMTaiSanController.php(63): App\Models\DMTaiSanModel->edit_dm(Array)
#9 D:\Xampp\htdocs\QuanLyTaiSan\system\CodeIgniter.php(934): App\Controllers\Dashboard\DMTaiSanController->edit_dm()
#10 D:\Xampp\htdocs\QuanLyTaiSan\system\CodeIgniter.php(499): CodeIgniter\CodeIgniter->runController(Object(App\Controllers\Dashboard\DMTaiSanController))
#11 D:\Xampp\htdocs\QuanLyTaiSan\system\CodeIgniter.php(368): CodeIgniter\CodeIgniter->handleRequest(NULL, Object(Config\Cache), false)
#12 D:\Xampp\htdocs\QuanLyTaiSan\public\index.php(67): CodeIgniter\CodeIgniter->run()
#13 {main}
CRITICAL - 2023-07-12 03:22:25 --> Unknown column 'data' in 'field list'
in SYSTEMPATH\Database\BaseConnection.php on line 645.
 1 SYSTEMPATH\Database\BaseBuilder.php(2476): CodeIgniter\Database\BaseConnection->query('UPDATE `dm_tai_san` SET `ten_dm` = :ten_dm:, `don_vi` = :don_vi:, `dinh_muc` = :dinh_muc:, `data` = :data:, `su_dung` = :su_dung:
WHERE `dm_tai_san`.`ma_dm` IN :dm_tai_san.ma_dm:', [...], false)
 2 SYSTEMPATH\Model.php(396): CodeIgniter\Database\BaseBuilder->update()
 3 SYSTEMPATH\BaseModel.php(943): CodeIgniter\Model->doUpdate([...], [...])
 4 SYSTEMPATH\Model.php(756): CodeIgniter\BaseModel->update([...], [...])
 5 APPPATH\Models\DMTaiSanModel.php(52): CodeIgniter\Model->update('DMTS0001', [...])
 6 APPPATH\Controllers\Dashboard\DMTaiSanController.php(63): App\Models\DMTaiSanModel->edit_dm([...])
 7 SYSTEMPATH\CodeIgniter.php(934): App\Controllers\Dashboard\DMTaiSanController->edit_dm()
 8 SYSTEMPATH\CodeIgniter.php(499): CodeIgniter\CodeIgniter->runController(Object(App\Controllers\Dashboard\DMTaiSanController))
 9 SYSTEMPATH\CodeIgniter.php(368): CodeIgniter\CodeIgniter->handleRequest(null, Object(Config\Cache), false)
10 FCPATH\index.php(67): CodeIgniter\CodeIgniter->run()
ERROR - 2023-07-12 03:24:00 --> mysqli_sql_exception: Unknown column 'data' in 'field list' in D:\Xampp\htdocs\QuanLyTaiSan\system\Database\MySQLi\Connection.php:295
Stack trace:
#0 D:\Xampp\htdocs\QuanLyTaiSan\system\Database\MySQLi\Connection.php(295): mysqli->query('UPDATE `dm_tai_...', 0)
#1 D:\Xampp\htdocs\QuanLyTaiSan\system\Database\BaseConnection.php(691): CodeIgniter\Database\MySQLi\Connection->execute('UPDATE `dm_tai_...')
#2 D:\Xampp\htdocs\QuanLyTaiSan\system\Database\BaseConnection.php(605): CodeIgniter\Database\BaseConnection->simpleQuery('UPDATE `dm_tai_...')
#3 D:\Xampp\htdocs\QuanLyTaiSan\system\Database\BaseBuilder.php(2476): CodeIgniter\Database\BaseConnection->query('UPDATE `dm_tai_...', Array, false)
#4 D:\Xampp\htdocs\QuanLyTaiSan\system\Model.php(396): CodeIgniter\Database\BaseBuilder->update()
#5 D:\Xampp\htdocs\QuanLyTaiSan\system\BaseModel.php(943): CodeIgniter\Model->doUpdate(Array, Array)
#6 D:\Xampp\htdocs\QuanLyTaiSan\system\Model.php(756): CodeIgniter\BaseModel->update(Array, Array)
#7 D:\Xampp\htdocs\QuanLyTaiSan\app\Models\DMTaiSanModel.php(52): CodeIgniter\Model->update('DMTS0001', Array)
#8 D:\Xampp\htdocs\QuanLyTaiSan\app\Controllers\Dashboard\DMTaiSanController.php(63): App\Models\DMTaiSanModel->edit_dm(Array)
#9 D:\Xampp\htdocs\QuanLyTaiSan\system\CodeIgniter.php(934): App\Controllers\Dashboard\DMTaiSanController->edit_dm()
#10 D:\Xampp\htdocs\QuanLyTaiSan\system\CodeIgniter.php(499): CodeIgniter\CodeIgniter->runController(Object(App\Controllers\Dashboard\DMTaiSanController))
#11 D:\Xampp\htdocs\QuanLyTaiSan\system\CodeIgniter.php(368): CodeIgniter\CodeIgniter->handleRequest(NULL, Object(Config\Cache), false)
#12 D:\Xampp\htdocs\QuanLyTaiSan\public\index.php(67): CodeIgniter\CodeIgniter->run()
#13 {main}
CRITICAL - 2023-07-12 03:24:00 --> Unknown column 'data' in 'field list'
in SYSTEMPATH\Database\BaseConnection.php on line 645.
 1 SYSTEMPATH\Database\BaseBuilder.php(2476): CodeIgniter\Database\BaseConnection->query('UPDATE `dm_tai_san` SET `ten_dm` = :ten_dm:, `don_vi` = :don_vi:, `dinh_muc` = :dinh_muc:, `data` = :data:, `su_dung` = :su_dung:
WHERE `dm_tai_san`.`ma_dm` IN :dm_tai_san.ma_dm:', [...], false)
 2 SYSTEMPATH\Model.php(396): CodeIgniter\Database\BaseBuilder->update()
 3 SYSTEMPATH\BaseModel.php(943): CodeIgniter\Model->doUpdate([...], [...])
 4 SYSTEMPATH\Model.php(756): CodeIgniter\BaseModel->update([...], [...])
 5 APPPATH\Models\DMTaiSanModel.php(52): CodeIgniter\Model->update('DMTS0001', [...])
 6 APPPATH\Controllers\Dashboard\DMTaiSanController.php(63): App\Models\DMTaiSanModel->edit_dm([...])
 7 SYSTEMPATH\CodeIgniter.php(934): App\Controllers\Dashboard\DMTaiSanController->edit_dm()
 8 SYSTEMPATH\CodeIgniter.php(499): CodeIgniter\CodeIgniter->runController(Object(App\Controllers\Dashboard\DMTaiSanController))
 9 SYSTEMPATH\CodeIgniter.php(368): CodeIgniter\CodeIgniter->handleRequest(null, Object(Config\Cache), false)
10 FCPATH\index.php(67): CodeIgniter\CodeIgniter->run()
ERROR - 2023-07-12 03:24:12 --> mysqli_sql_exception: Unknown column 'data' in 'field list' in D:\Xampp\htdocs\QuanLyTaiSan\system\Database\MySQLi\Connection.php:295
Stack trace:
#0 D:\Xampp\htdocs\QuanLyTaiSan\system\Database\MySQLi\Connection.php(295): mysqli->query('UPDATE `dm_tai_...', 0)
#1 D:\Xampp\htdocs\QuanLyTaiSan\system\Database\BaseConnection.php(691): CodeIgniter\Database\MySQLi\Connection->execute('UPDATE `dm_tai_...')
#2 D:\Xampp\htdocs\QuanLyTaiSan\system\Database\BaseConnection.php(605): CodeIgniter\Database\BaseConnection->simpleQuery('UPDATE `dm_tai_...')
#3 D:\Xampp\htdocs\QuanLyTaiSan\system\Database\BaseBuilder.php(2476): CodeIgniter\Database\BaseConnection->query('UPDATE `dm_tai_...', Array, false)
#4 D:\Xampp\htdocs\QuanLyTaiSan\system\Model.php(396): CodeIgniter\Database\BaseBuilder->update()
#5 D:\Xampp\htdocs\QuanLyTaiSan\system\BaseModel.php(943): CodeIgniter\Model->doUpdate(Array, Array)
#6 D:\Xampp\htdocs\QuanLyTaiSan\system\Model.php(756): CodeIgniter\BaseModel->update(Array, Array)
#7 D:\Xampp\htdocs\QuanLyTaiSan\app\Models\DMTaiSanModel.php(52): CodeIgniter\Model->update('DMTS0001', Array)
#8 D:\Xampp\htdocs\QuanLyTaiSan\app\Controllers\Dashboard\DMTaiSanController.php(63): App\Models\DMTaiSanModel->edit_dm(Array)
#9 D:\Xampp\htdocs\QuanLyTaiSan\system\CodeIgniter.php(934): App\Controllers\Dashboard\DMTaiSanController->edit_dm()
#10 D:\Xampp\htdocs\QuanLyTaiSan\system\CodeIgniter.php(499): CodeIgniter\CodeIgniter->runController(Object(App\Controllers\Dashboard\DMTaiSanController))
#11 D:\Xampp\htdocs\QuanLyTaiSan\system\CodeIgniter.php(368): CodeIgniter\CodeIgniter->handleRequest(NULL, Object(Config\Cache), false)
#12 D:\Xampp\htdocs\QuanLyTaiSan\public\index.php(67): CodeIgniter\CodeIgniter->run()
#13 {main}
CRITICAL - 2023-07-12 03:24:12 --> Unknown column 'data' in 'field list'
in SYSTEMPATH\Database\BaseConnection.php on line 645.
 1 SYSTEMPATH\Database\BaseBuilder.php(2476): CodeIgniter\Database\BaseConnection->query('UPDATE `dm_tai_san` SET `ten_dm` = :ten_dm:, `don_vi` = :don_vi:, `dinh_muc` = :dinh_muc:, `data` = :data:, `su_dung` = :su_dung:
WHERE `dm_tai_san`.`ma_dm` IN :dm_tai_san.ma_dm:', [...], false)
 2 SYSTEMPATH\Model.php(396): CodeIgniter\Database\BaseBuilder->update()
 3 SYSTEMPATH\BaseModel.php(943): CodeIgniter\Model->doUpdate([...], [...])
 4 SYSTEMPATH\Model.php(756): CodeIgniter\BaseModel->update([...], [...])
 5 APPPATH\Models\DMTaiSanModel.php(52): CodeIgniter\Model->update('DMTS0001', [...])
 6 APPPATH\Controllers\Dashboard\DMTaiSanController.php(63): App\Models\DMTaiSanModel->edit_dm([...])
 7 SYSTEMPATH\CodeIgniter.php(934): App\Controllers\Dashboard\DMTaiSanController->edit_dm()
 8 SYSTEMPATH\CodeIgniter.php(499): CodeIgniter\CodeIgniter->runController(Object(App\Controllers\Dashboard\DMTaiSanController))
 9 SYSTEMPATH\CodeIgniter.php(368): CodeIgniter\CodeIgniter->handleRequest(null, Object(Config\Cache), false)
10 FCPATH\index.php(67): CodeIgniter\CodeIgniter->run()
ERROR - 2023-07-12 03:24:35 --> mysqli_sql_exception: Unknown column 'data' in 'field list' in D:\Xampp\htdocs\QuanLyTaiSan\system\Database\MySQLi\Connection.php:295
Stack trace:
#0 D:\Xampp\htdocs\QuanLyTaiSan\system\Database\MySQLi\Connection.php(295): mysqli->query('UPDATE `dm_tai_...', 0)
#1 D:\Xampp\htdocs\QuanLyTaiSan\system\Database\BaseConnection.php(691): CodeIgniter\Database\MySQLi\Connection->execute('UPDATE `dm_tai_...')
#2 D:\Xampp\htdocs\QuanLyTaiSan\system\Database\BaseConnection.php(605): CodeIgniter\Database\BaseConnection->simpleQuery('UPDATE `dm_tai_...')
#3 D:\Xampp\htdocs\QuanLyTaiSan\system\Database\BaseBuilder.php(2476): CodeIgniter\Database\BaseConnection->query('UPDATE `dm_tai_...', Array, false)
#4 D:\Xampp\htdocs\QuanLyTaiSan\system\Model.php(396): CodeIgniter\Database\BaseBuilder->update()
#5 D:\Xampp\htdocs\QuanLyTaiSan\system\BaseModel.php(943): CodeIgniter\Model->doUpdate(Array, Array)
#6 D:\Xampp\htdocs\QuanLyTaiSan\system\Model.php(756): CodeIgniter\BaseModel->update(Array, Array)
#7 D:\Xampp\htdocs\QuanLyTaiSan\app\Models\DMTaiSanModel.php(52): CodeIgniter\Model->update('DMTS0001', Array)
#8 D:\Xampp\htdocs\QuanLyTaiSan\app\Controllers\Dashboard\DMTaiSanController.php(63): App\Models\DMTaiSanModel->edit_dm(Array)
#9 D:\Xampp\htdocs\QuanLyTaiSan\system\CodeIgniter.php(934): App\Controllers\Dashboard\DMTaiSanController->edit_dm()
#10 D:\Xampp\htdocs\QuanLyTaiSan\system\CodeIgniter.php(499): CodeIgniter\CodeIgniter->runController(Object(App\Controllers\Dashboard\DMTaiSanController))
#11 D:\Xampp\htdocs\QuanLyTaiSan\system\CodeIgniter.php(368): CodeIgniter\CodeIgniter->handleRequest(NULL, Object(Config\Cache), false)
#12 D:\Xampp\htdocs\QuanLyTaiSan\public\index.php(67): CodeIgniter\CodeIgniter->run()
#13 {main}
CRITICAL - 2023-07-12 03:24:35 --> Unknown column 'data' in 'field list'
in SYSTEMPATH\Database\BaseConnection.php on line 645.
 1 SYSTEMPATH\Database\BaseBuilder.php(2476): CodeIgniter\Database\BaseConnection->query('UPDATE `dm_tai_san` SET `ten_dm` = :ten_dm:, `don_vi` = :don_vi:, `dinh_muc` = :dinh_muc:, `data` = :data:, `su_dung` = :su_dung:
WHERE `dm_tai_san`.`ma_dm` IN :dm_tai_san.ma_dm:', [...], false)
 2 SYSTEMPATH\Model.php(396): CodeIgniter\Database\BaseBuilder->update()
 3 SYSTEMPATH\BaseModel.php(943): CodeIgniter\Model->doUpdate([...], [...])
 4 SYSTEMPATH\Model.php(756): CodeIgniter\BaseModel->update([...], [...])
 5 APPPATH\Models\DMTaiSanModel.php(52): CodeIgniter\Model->update('DMTS0001', [...])
 6 APPPATH\Controllers\Dashboard\DMTaiSanController.php(63): App\Models\DMTaiSanModel->edit_dm([...])
 7 SYSTEMPATH\CodeIgniter.php(934): App\Controllers\Dashboard\DMTaiSanController->edit_dm()
 8 SYSTEMPATH\CodeIgniter.php(499): CodeIgniter\CodeIgniter->runController(Object(App\Controllers\Dashboard\DMTaiSanController))
 9 SYSTEMPATH\CodeIgniter.php(368): CodeIgniter\CodeIgniter->handleRequest(null, Object(Config\Cache), false)
10 FCPATH\index.php(67): CodeIgniter\CodeIgniter->run()
ERROR - 2023-07-12 03:25:01 --> mysqli_sql_exception: Unknown column 'data' in 'field list' in D:\Xampp\htdocs\QuanLyTaiSan\system\Database\MySQLi\Connection.php:295
Stack trace:
#0 D:\Xampp\htdocs\QuanLyTaiSan\system\Database\MySQLi\Connection.php(295): mysqli->query('UPDATE `dm_tai_...', 0)
#1 D:\Xampp\htdocs\QuanLyTaiSan\system\Database\BaseConnection.php(691): CodeIgniter\Database\MySQLi\Connection->execute('UPDATE `dm_tai_...')
#2 D:\Xampp\htdocs\QuanLyTaiSan\system\Database\BaseConnection.php(605): CodeIgniter\Database\BaseConnection->simpleQuery('UPDATE `dm_tai_...')
#3 D:\Xampp\htdocs\QuanLyTaiSan\system\Database\BaseBuilder.php(2476): CodeIgniter\Database\BaseConnection->query('UPDATE `dm_tai_...', Array, false)
#4 D:\Xampp\htdocs\QuanLyTaiSan\system\Model.php(396): CodeIgniter\Database\BaseBuilder->update()
#5 D:\Xampp\htdocs\QuanLyTaiSan\system\BaseModel.php(943): CodeIgniter\Model->doUpdate(Array, Array)
#6 D:\Xampp\htdocs\QuanLyTaiSan\system\Model.php(756): CodeIgniter\BaseModel->update(Array, Array)
#7 D:\Xampp\htdocs\QuanLyTaiSan\app\Models\DMTaiSanModel.php(52): CodeIgniter\Model->update('DMTS0001', Array)
#8 D:\Xampp\htdocs\QuanLyTaiSan\app\Controllers\Dashboard\DMTaiSanController.php(63): App\Models\DMTaiSanModel->edit_dm(Array)
#9 D:\Xampp\htdocs\QuanLyTaiSan\system\CodeIgniter.php(934): App\Controllers\Dashboard\DMTaiSanController->edit_dm()
#10 D:\Xampp\htdocs\QuanLyTaiSan\system\CodeIgniter.php(499): CodeIgniter\CodeIgniter->runController(Object(App\Controllers\Dashboard\DMTaiSanController))
#11 D:\Xampp\htdocs\QuanLyTaiSan\system\CodeIgniter.php(368): CodeIgniter\CodeIgniter->handleRequest(NULL, Object(Config\Cache), false)
#12 D:\Xampp\htdocs\QuanLyTaiSan\public\index.php(67): CodeIgniter\CodeIgniter->run()
#13 {main}
CRITICAL - 2023-07-12 03:25:01 --> Unknown column 'data' in 'field list'
in SYSTEMPATH\Database\BaseConnection.php on line 645.
 1 SYSTEMPATH\Database\BaseBuilder.php(2476): CodeIgniter\Database\BaseConnection->query('UPDATE `dm_tai_san` SET `ten_dm` = :ten_dm:, `don_vi` = :don_vi:, `dinh_muc` = :dinh_muc:, `data` = :data:, `su_dung` = :su_dung:
WHERE `dm_tai_san`.`ma_dm` IN :dm_tai_san.ma_dm:', [...], false)
 2 SYSTEMPATH\Model.php(396): CodeIgniter\Database\BaseBuilder->update()
 3 SYSTEMPATH\BaseModel.php(943): CodeIgniter\Model->doUpdate([...], [...])
 4 SYSTEMPATH\Model.php(756): CodeIgniter\BaseModel->update([...], [...])
 5 APPPATH\Models\DMTaiSanModel.php(52): CodeIgniter\Model->update('DMTS0001', [...])
 6 APPPATH\Controllers\Dashboard\DMTaiSanController.php(63): App\Models\DMTaiSanModel->edit_dm([...])
 7 SYSTEMPATH\CodeIgniter.php(934): App\Controllers\Dashboard\DMTaiSanController->edit_dm()
 8 SYSTEMPATH\CodeIgniter.php(499): CodeIgniter\CodeIgniter->runController(Object(App\Controllers\Dashboard\DMTaiSanController))
 9 SYSTEMPATH\CodeIgniter.php(368): CodeIgniter\CodeIgniter->handleRequest(null, Object(Config\Cache), false)
10 FCPATH\index.php(67): CodeIgniter\CodeIgniter->run()
ERROR - 2023-07-12 03:25:17 --> mysqli_sql_exception: Unknown column 'data' in 'field list' in D:\Xampp\htdocs\QuanLyTaiSan\system\Database\MySQLi\Connection.php:295
Stack trace:
#0 D:\Xampp\htdocs\QuanLyTaiSan\system\Database\MySQLi\Connection.php(295): mysqli->query('UPDATE `dm_tai_...', 0)
#1 D:\Xampp\htdocs\QuanLyTaiSan\system\Database\BaseConnection.php(691): CodeIgniter\Database\MySQLi\Connection->execute('UPDATE `dm_tai_...')
#2 D:\Xampp\htdocs\QuanLyTaiSan\system\Database\BaseConnection.php(605): CodeIgniter\Database\BaseConnection->simpleQuery('UPDATE `dm_tai_...')
#3 D:\Xampp\htdocs\QuanLyTaiSan\system\Database\BaseBuilder.php(2476): CodeIgniter\Database\BaseConnection->query('UPDATE `dm_tai_...', Array, false)
#4 D:\Xampp\htdocs\QuanLyTaiSan\system\Model.php(396): CodeIgniter\Database\BaseBuilder->update()
#5 D:\Xampp\htdocs\QuanLyTaiSan\system\BaseModel.php(943): CodeIgniter\Model->doUpdate(Array, Array)
#6 D:\Xampp\htdocs\QuanLyTaiSan\system\Model.php(756): CodeIgniter\BaseModel->update(Array, Array)
#7 D:\Xampp\htdocs\QuanLyTaiSan\app\Models\DMTaiSanModel.php(52): CodeIgniter\Model->update('DMTS0001', Array)
#8 D:\Xampp\htdocs\QuanLyTaiSan\app\Controllers\Dashboard\DMTaiSanController.php(63): App\Models\DMTaiSanModel->edit_dm(Array)
#9 D:\Xampp\htdocs\QuanLyTaiSan\system\CodeIgniter.php(934): App\Controllers\Dashboard\DMTaiSanController->edit_dm()
#10 D:\Xampp\htdocs\QuanLyTaiSan\system\CodeIgniter.php(499): CodeIgniter\CodeIgniter->runController(Object(App\Controllers\Dashboard\DMTaiSanController))
#11 D:\Xampp\htdocs\QuanLyTaiSan\system\CodeIgniter.php(368): CodeIgniter\CodeIgniter->handleRequest(NULL, Object(Config\Cache), false)
#12 D:\Xampp\htdocs\QuanLyTaiSan\public\index.php(67): CodeIgniter\CodeIgniter->run()
#13 {main}
CRITICAL - 2023-07-12 03:25:17 --> Unknown column 'data' in 'field list'
in SYSTEMPATH\Database\BaseConnection.php on line 645.
 1 SYSTEMPATH\Database\BaseBuilder.php(2476): CodeIgniter\Database\BaseConnection->query('UPDATE `dm_tai_san` SET `ten_dm` = :ten_dm:, `don_vi` = :don_vi:, `dinh_muc` = :dinh_muc:, `data` = :data:, `su_dung` = :su_dung:
WHERE `dm_tai_san`.`ma_dm` IN :dm_tai_san.ma_dm:', [...], false)
 2 SYSTEMPATH\Model.php(396): CodeIgniter\Database\BaseBuilder->update()
 3 SYSTEMPATH\BaseModel.php(943): CodeIgniter\Model->doUpdate([...], [...])
 4 SYSTEMPATH\Model.php(756): CodeIgniter\BaseModel->update([...], [...])
 5 APPPATH\Models\DMTaiSanModel.php(52): CodeIgniter\Model->update('DMTS0001', [...])
 6 APPPATH\Controllers\Dashboard\DMTaiSanController.php(63): App\Models\DMTaiSanModel->edit_dm([...])
 7 SYSTEMPATH\CodeIgniter.php(934): App\Controllers\Dashboard\DMTaiSanController->edit_dm()
 8 SYSTEMPATH\CodeIgniter.php(499): CodeIgniter\CodeIgniter->runController(Object(App\Controllers\Dashboard\DMTaiSanController))
 9 SYSTEMPATH\CodeIgniter.php(368): CodeIgniter\CodeIgniter->handleRequest(null, Object(Config\Cache), false)
10 FCPATH\index.php(67): CodeIgniter\CodeIgniter->run()
ERROR - 2023-07-12 03:26:31 --> mysqli_sql_exception: Unknown column 'data' in 'field list' in D:\Xampp\htdocs\QuanLyTaiSan\system\Database\MySQLi\Connection.php:295
Stack trace:
#0 D:\Xampp\htdocs\QuanLyTaiSan\system\Database\MySQLi\Connection.php(295): mysqli->query('UPDATE `dm_tai_...', 0)
#1 D:\Xampp\htdocs\QuanLyTaiSan\system\Database\BaseConnection.php(691): CodeIgniter\Database\MySQLi\Connection->execute('UPDATE `dm_tai_...')
#2 D:\Xampp\htdocs\QuanLyTaiSan\system\Database\BaseConnection.php(605): CodeIgniter\Database\BaseConnection->simpleQuery('UPDATE `dm_tai_...')
#3 D:\Xampp\htdocs\QuanLyTaiSan\system\Database\BaseBuilder.php(2476): CodeIgniter\Database\BaseConnection->query('UPDATE `dm_tai_...', Array, false)
#4 D:\Xampp\htdocs\QuanLyTaiSan\system\Model.php(396): CodeIgniter\Database\BaseBuilder->update()
#5 D:\Xampp\htdocs\QuanLyTaiSan\system\BaseModel.php(943): CodeIgniter\Model->doUpdate(Array, Array)
#6 D:\Xampp\htdocs\QuanLyTaiSan\system\Model.php(756): CodeIgniter\BaseModel->update(Array, Array)
#7 D:\Xampp\htdocs\QuanLyTaiSan\app\Models\DMTaiSanModel.php(52): CodeIgniter\Model->update('DMTS0002', Array)
#8 D:\Xampp\htdocs\QuanLyTaiSan\app\Controllers\Dashboard\DMTaiSanController.php(63): App\Models\DMTaiSanModel->edit_dm(Array)
#9 D:\Xampp\htdocs\QuanLyTaiSan\system\CodeIgniter.php(934): App\Controllers\Dashboard\DMTaiSanController->edit_dm()
#10 D:\Xampp\htdocs\QuanLyTaiSan\system\CodeIgniter.php(499): CodeIgniter\CodeIgniter->runController(Object(App\Controllers\Dashboard\DMTaiSanController))
#11 D:\Xampp\htdocs\QuanLyTaiSan\system\CodeIgniter.php(368): CodeIgniter\CodeIgniter->handleRequest(NULL, Object(Config\Cache), false)
#12 D:\Xampp\htdocs\QuanLyTaiSan\public\index.php(67): CodeIgniter\CodeIgniter->run()
#13 {main}
CRITICAL - 2023-07-12 03:26:31 --> Unknown column 'data' in 'field list'
in SYSTEMPATH\Database\BaseConnection.php on line 645.
 1 SYSTEMPATH\Database\BaseBuilder.php(2476): CodeIgniter\Database\BaseConnection->query('UPDATE `dm_tai_san` SET `ten_dm` = :ten_dm:, `thuoc_loai` = :thuoc_loai:, `don_vi` = :don_vi:, `dinh_muc` = :dinh_muc:, `data` = :data:, `su_dung` = :su_dung:
WHERE `dm_tai_san`.`ma_dm` IN :dm_tai_san.ma_dm:', [...], false)
 2 SYSTEMPATH\Model.php(396): CodeIgniter\Database\BaseBuilder->update()
 3 SYSTEMPATH\BaseModel.php(943): CodeIgniter\Model->doUpdate([...], [...])
 4 SYSTEMPATH\Model.php(756): CodeIgniter\BaseModel->update([...], [...])
 5 APPPATH\Models\DMTaiSanModel.php(52): CodeIgniter\Model->update('DMTS0002', [...])
 6 APPPATH\Controllers\Dashboard\DMTaiSanController.php(63): App\Models\DMTaiSanModel->edit_dm([...])
 7 SYSTEMPATH\CodeIgniter.php(934): App\Controllers\Dashboard\DMTaiSanController->edit_dm()
 8 SYSTEMPATH\CodeIgniter.php(499): CodeIgniter\CodeIgniter->runController(Object(App\Controllers\Dashboard\DMTaiSanController))
 9 SYSTEMPATH\CodeIgniter.php(368): CodeIgniter\CodeIgniter->handleRequest(null, Object(Config\Cache), false)
10 FCPATH\index.php(67): CodeIgniter\CodeIgniter->run()
ERROR - 2023-07-12 03:28:30 --> mysqli_sql_exception: Unknown column 'data' in 'field list' in D:\Xampp\htdocs\QuanLyTaiSan\system\Database\MySQLi\Connection.php:295
Stack trace:
#0 D:\Xampp\htdocs\QuanLyTaiSan\system\Database\MySQLi\Connection.php(295): mysqli->query('UPDATE `dm_tai_...', 0)
#1 D:\Xampp\htdocs\QuanLyTaiSan\system\Database\BaseConnection.php(691): CodeIgniter\Database\MySQLi\Connection->execute('UPDATE `dm_tai_...')
#2 D:\Xampp\htdocs\QuanLyTaiSan\system\Database\BaseConnection.php(605): CodeIgniter\Database\BaseConnection->simpleQuery('UPDATE `dm_tai_...')
#3 D:\Xampp\htdocs\QuanLyTaiSan\system\Database\BaseBuilder.php(2476): CodeIgniter\Database\BaseConnection->query('UPDATE `dm_tai_...', Array, false)
#4 D:\Xampp\htdocs\QuanLyTaiSan\system\Model.php(396): CodeIgniter\Database\BaseBuilder->update()
#5 D:\Xampp\htdocs\QuanLyTaiSan\system\BaseModel.php(943): CodeIgniter\Model->doUpdate(Array, Array)
#6 D:\Xampp\htdocs\QuanLyTaiSan\system\Model.php(756): CodeIgniter\BaseModel->update(Array, Array)
#7 D:\Xampp\htdocs\QuanLyTaiSan\app\Models\DMTaiSanModel.php(52): CodeIgniter\Model->update('DMTS0001', Array)
#8 D:\Xampp\htdocs\QuanLyTaiSan\app\Controllers\Dashboard\DMTaiSanController.php(63): App\Models\DMTaiSanModel->edit_dm(Array)
#9 D:\Xampp\htdocs\QuanLyTaiSan\system\CodeIgniter.php(934): App\Controllers\Dashboard\DMTaiSanController->edit_dm()
#10 D:\Xampp\htdocs\QuanLyTaiSan\system\CodeIgniter.php(499): CodeIgniter\CodeIgniter->runController(Object(App\Controllers\Dashboard\DMTaiSanController))
#11 D:\Xampp\htdocs\QuanLyTaiSan\system\CodeIgniter.php(368): CodeIgniter\CodeIgniter->handleRequest(NULL, Object(Config\Cache), false)
#12 D:\Xampp\htdocs\QuanLyTaiSan\public\index.php(67): CodeIgniter\CodeIgniter->run()
#13 {main}
CRITICAL - 2023-07-12 03:28:30 --> Unknown column 'data' in 'field list'
in SYSTEMPATH\Database\BaseConnection.php on line 645.
 1 SYSTEMPATH\Database\BaseBuilder.php(2476): CodeIgniter\Database\BaseConnection->query('UPDATE `dm_tai_san` SET `ten_dm` = :ten_dm:, `thuoc_loai` = :thuoc_loai:, `don_vi` = :don_vi:, `dinh_muc` = :dinh_muc:, `data` = :data:, `su_dung` = :su_dung:
WHERE `dm_tai_san`.`ma_dm` IN :dm_tai_san.ma_dm:', [...], false)
 2 SYSTEMPATH\Model.php(396): CodeIgniter\Database\BaseBuilder->update()
 3 SYSTEMPATH\BaseModel.php(943): CodeIgniter\Model->doUpdate([...], [...])
 4 SYSTEMPATH\Model.php(756): CodeIgniter\BaseModel->update([...], [...])
 5 APPPATH\Models\DMTaiSanModel.php(52): CodeIgniter\Model->update('DMTS0001', [...])
 6 APPPATH\Controllers\Dashboard\DMTaiSanController.php(63): App\Models\DMTaiSanModel->edit_dm([...])
 7 SYSTEMPATH\CodeIgniter.php(934): App\Controllers\Dashboard\DMTaiSanController->edit_dm()
 8 SYSTEMPATH\CodeIgniter.php(499): CodeIgniter\CodeIgniter->runController(Object(App\Controllers\Dashboard\DMTaiSanController))
 9 SYSTEMPATH\CodeIgniter.php(368): CodeIgniter\CodeIgniter->handleRequest(null, Object(Config\Cache), false)
10 FCPATH\index.php(67): CodeIgniter\CodeIgniter->run()
ERROR - 2023-07-12 03:28:42 --> mysqli_sql_exception: Unknown column 'data' in 'field list' in D:\Xampp\htdocs\QuanLyTaiSan\system\Database\MySQLi\Connection.php:295
Stack trace:
#0 D:\Xampp\htdocs\QuanLyTaiSan\system\Database\MySQLi\Connection.php(295): mysqli->query('UPDATE `dm_tai_...', 0)
#1 D:\Xampp\htdocs\QuanLyTaiSan\system\Database\BaseConnection.php(691): CodeIgniter\Database\MySQLi\Connection->execute('UPDATE `dm_tai_...')
#2 D:\Xampp\htdocs\QuanLyTaiSan\system\Database\BaseConnection.php(605): CodeIgniter\Database\BaseConnection->simpleQuery('UPDATE `dm_tai_...')
#3 D:\Xampp\htdocs\QuanLyTaiSan\system\Database\BaseBuilder.php(2476): CodeIgniter\Database\BaseConnection->query('UPDATE `dm_tai_...', Array, false)
#4 D:\Xampp\htdocs\QuanLyTaiSan\system\Model.php(396): CodeIgniter\Database\BaseBuilder->update()
#5 D:\Xampp\htdocs\QuanLyTaiSan\system\BaseModel.php(943): CodeIgniter\Model->doUpdate(Array, Array)
#6 D:\Xampp\htdocs\QuanLyTaiSan\system\Model.php(756): CodeIgniter\BaseModel->update(Array, Array)
#7 D:\Xampp\htdocs\QuanLyTaiSan\app\Models\DMTaiSanModel.php(52): CodeIgniter\Model->update('DMTS0001', Array)
#8 D:\Xampp\htdocs\QuanLyTaiSan\app\Controllers\Dashboard\DMTaiSanController.php(63): App\Models\DMTaiSanModel->edit_dm(Array)
#9 D:\Xampp\htdocs\QuanLyTaiSan\system\CodeIgniter.php(934): App\Controllers\Dashboard\DMTaiSanController->edit_dm()
#10 D:\Xampp\htdocs\QuanLyTaiSan\system\CodeIgniter.php(499): CodeIgniter\CodeIgniter->runController(Object(App\Controllers\Dashboard\DMTaiSanController))
#11 D:\Xampp\htdocs\QuanLyTaiSan\system\CodeIgniter.php(368): CodeIgniter\CodeIgniter->handleRequest(NULL, Object(Config\Cache), false)
#12 D:\Xampp\htdocs\QuanLyTaiSan\public\index.php(67): CodeIgniter\CodeIgniter->run()
#13 {main}
CRITICAL - 2023-07-12 03:28:42 --> Unknown column 'data' in 'field list'
in SYSTEMPATH\Database\BaseConnection.php on line 645.
 1 SYSTEMPATH\Database\BaseBuilder.php(2476): CodeIgniter\Database\BaseConnection->query('UPDATE `dm_tai_san` SET `ten_dm` = :ten_dm:, `thuoc_loai` = :thuoc_loai:, `don_vi` = :don_vi:, `dinh_muc` = :dinh_muc:, `data` = :data:, `su_dung` = :su_dung:
WHERE `dm_tai_san`.`ma_dm` IN :dm_tai_san.ma_dm:', [...], false)
 2 SYSTEMPATH\Model.php(396): CodeIgniter\Database\BaseBuilder->update()
 3 SYSTEMPATH\BaseModel.php(943): CodeIgniter\Model->doUpdate([...], [...])
 4 SYSTEMPATH\Model.php(756): CodeIgniter\BaseModel->update([...], [...])
 5 APPPATH\Models\DMTaiSanModel.php(52): CodeIgniter\Model->update('DMTS0001', [...])
 6 APPPATH\Controllers\Dashboard\DMTaiSanController.php(63): App\Models\DMTaiSanModel->edit_dm([...])
 7 SYSTEMPATH\CodeIgniter.php(934): App\Controllers\Dashboard\DMTaiSanController->edit_dm()
 8 SYSTEMPATH\CodeIgniter.php(499): CodeIgniter\CodeIgniter->runController(Object(App\Controllers\Dashboard\DMTaiSanController))
 9 SYSTEMPATH\CodeIgniter.php(368): CodeIgniter\CodeIgniter->handleRequest(null, Object(Config\Cache), false)
10 FCPATH\index.php(67): CodeIgniter\CodeIgniter->run()
ERROR - 2023-07-12 03:29:39 --> mysqli_sql_exception: Unknown column 'data' in 'field list' in D:\Xampp\htdocs\QuanLyTaiSan\system\Database\MySQLi\Connection.php:295
Stack trace:
#0 D:\Xampp\htdocs\QuanLyTaiSan\system\Database\MySQLi\Connection.php(295): mysqli->query('UPDATE `dm_tai_...', 0)
#1 D:\Xampp\htdocs\QuanLyTaiSan\system\Database\BaseConnection.php(691): CodeIgniter\Database\MySQLi\Connection->execute('UPDATE `dm_tai_...')
#2 D:\Xampp\htdocs\QuanLyTaiSan\system\Database\BaseConnection.php(605): CodeIgniter\Database\BaseConnection->simpleQuery('UPDATE `dm_tai_...')
#3 D:\Xampp\htdocs\QuanLyTaiSan\system\Database\BaseBuilder.php(2476): CodeIgniter\Database\BaseConnection->query('UPDATE `dm_tai_...', Array, false)
#4 D:\Xampp\htdocs\QuanLyTaiSan\system\Model.php(396): CodeIgniter\Database\BaseBuilder->update()
#5 D:\Xampp\htdocs\QuanLyTaiSan\system\BaseModel.php(943): CodeIgniter\Model->doUpdate(Array, Array)
#6 D:\Xampp\htdocs\QuanLyTaiSan\system\Model.php(756): CodeIgniter\BaseModel->update(Array, Array)
#7 D:\Xampp\htdocs\QuanLyTaiSan\app\Models\DMTaiSanModel.php(52): CodeIgniter\Model->update('DMTS0001', Array)
#8 D:\Xampp\htdocs\QuanLyTaiSan\app\Controllers\Dashboard\DMTaiSanController.php(63): App\Models\DMTaiSanModel->edit_dm(Array)
#9 D:\Xampp\htdocs\QuanLyTaiSan\system\CodeIgniter.php(934): App\Controllers\Dashboard\DMTaiSanController->edit_dm()
#10 D:\Xampp\htdocs\QuanLyTaiSan\system\CodeIgniter.php(499): CodeIgniter\CodeIgniter->runController(Object(App\Controllers\Dashboard\DMTaiSanController))
#11 D:\Xampp\htdocs\QuanLyTaiSan\system\CodeIgniter.php(368): CodeIgniter\CodeIgniter->handleRequest(NULL, Object(Config\Cache), false)
#12 D:\Xampp\htdocs\QuanLyTaiSan\public\index.php(67): CodeIgniter\CodeIgniter->run()
#13 {main}
CRITICAL - 2023-07-12 03:29:39 --> Unknown column 'data' in 'field list'
in SYSTEMPATH\Database\BaseConnection.php on line 645.
 1 SYSTEMPATH\Database\BaseBuilder.php(2476): CodeIgniter\Database\BaseConnection->query('UPDATE `dm_tai_san` SET `ten_dm` = :ten_dm:, `don_vi` = :don_vi:, `dinh_muc` = :dinh_muc:, `data` = :data:, `su_dung` = :su_dung:
WHERE `dm_tai_san`.`ma_dm` IN :dm_tai_san.ma_dm:', [...], false)
 2 SYSTEMPATH\Model.php(396): CodeIgniter\Database\BaseBuilder->update()
 3 SYSTEMPATH\BaseModel.php(943): CodeIgniter\Model->doUpdate([...], [...])
 4 SYSTEMPATH\Model.php(756): CodeIgniter\BaseModel->update([...], [...])
 5 APPPATH\Models\DMTaiSanModel.php(52): CodeIgniter\Model->update('DMTS0001', [...])
 6 APPPATH\Controllers\Dashboard\DMTaiSanController.php(63): App\Models\DMTaiSanModel->edit_dm([...])
 7 SYSTEMPATH\CodeIgniter.php(934): App\Controllers\Dashboard\DMTaiSanController->edit_dm()
 8 SYSTEMPATH\CodeIgniter.php(499): CodeIgniter\CodeIgniter->runController(Object(App\Controllers\Dashboard\DMTaiSanController))
 9 SYSTEMPATH\CodeIgniter.php(368): CodeIgniter\CodeIgniter->handleRequest(null, Object(Config\Cache), false)
10 FCPATH\index.php(67): CodeIgniter\CodeIgniter->run()
ERROR - 2023-07-12 03:29:42 --> mysqli_sql_exception: Unknown column 'data' in 'field list' in D:\Xampp\htdocs\QuanLyTaiSan\system\Database\MySQLi\Connection.php:295
Stack trace:
#0 D:\Xampp\htdocs\QuanLyTaiSan\system\Database\MySQLi\Connection.php(295): mysqli->query('UPDATE `dm_tai_...', 0)
#1 D:\Xampp\htdocs\QuanLyTaiSan\system\Database\BaseConnection.php(691): CodeIgniter\Database\MySQLi\Connection->execute('UPDATE `dm_tai_...')
#2 D:\Xampp\htdocs\QuanLyTaiSan\system\Database\BaseConnection.php(605): CodeIgniter\Database\BaseConnection->simpleQuery('UPDATE `dm_tai_...')
#3 D:\Xampp\htdocs\QuanLyTaiSan\system\Database\BaseBuilder.php(2476): CodeIgniter\Database\BaseConnection->query('UPDATE `dm_tai_...', Array, false)
#4 D:\Xampp\htdocs\QuanLyTaiSan\system\Model.php(396): CodeIgniter\Database\BaseBuilder->update()
#5 D:\Xampp\htdocs\QuanLyTaiSan\system\BaseModel.php(943): CodeIgniter\Model->doUpdate(Array, Array)
#6 D:\Xampp\htdocs\QuanLyTaiSan\system\Model.php(756): CodeIgniter\BaseModel->update(Array, Array)
#7 D:\Xampp\htdocs\QuanLyTaiSan\app\Models\DMTaiSanModel.php(52): CodeIgniter\Model->update('DMTS0001', Array)
#8 D:\Xampp\htdocs\QuanLyTaiSan\app\Controllers\Dashboard\DMTaiSanController.php(63): App\Models\DMTaiSanModel->edit_dm(Array)
#9 D:\Xampp\htdocs\QuanLyTaiSan\system\CodeIgniter.php(934): App\Controllers\Dashboard\DMTaiSanController->edit_dm()
#10 D:\Xampp\htdocs\QuanLyTaiSan\system\CodeIgniter.php(499): CodeIgniter\CodeIgniter->runController(Object(App\Controllers\Dashboard\DMTaiSanController))
#11 D:\Xampp\htdocs\QuanLyTaiSan\system\CodeIgniter.php(368): CodeIgniter\CodeIgniter->handleRequest(NULL, Object(Config\Cache), false)
#12 D:\Xampp\htdocs\QuanLyTaiSan\public\index.php(67): CodeIgniter\CodeIgniter->run()
#13 {main}
CRITICAL - 2023-07-12 03:29:42 --> Unknown column 'data' in 'field list'
in SYSTEMPATH\Database\BaseConnection.php on line 645.
 1 SYSTEMPATH\Database\BaseBuilder.php(2476): CodeIgniter\Database\BaseConnection->query('UPDATE `dm_tai_san` SET `ten_dm` = :ten_dm:, `don_vi` = :don_vi:, `dinh_muc` = :dinh_muc:, `data` = :data:, `su_dung` = :su_dung:
WHERE `dm_tai_san`.`ma_dm` IN :dm_tai_san.ma_dm:', [...], false)
 2 SYSTEMPATH\Model.php(396): CodeIgniter\Database\BaseBuilder->update()
 3 SYSTEMPATH\BaseModel.php(943): CodeIgniter\Model->doUpdate([...], [...])
 4 SYSTEMPATH\Model.php(756): CodeIgniter\BaseModel->update([...], [...])
 5 APPPATH\Models\DMTaiSanModel.php(52): CodeIgniter\Model->update('DMTS0001', [...])
 6 APPPATH\Controllers\Dashboard\DMTaiSanController.php(63): App\Models\DMTaiSanModel->edit_dm([...])
 7 SYSTEMPATH\CodeIgniter.php(934): App\Controllers\Dashboard\DMTaiSanController->edit_dm()
 8 SYSTEMPATH\CodeIgniter.php(499): CodeIgniter\CodeIgniter->runController(Object(App\Controllers\Dashboard\DMTaiSanController))
 9 SYSTEMPATH\CodeIgniter.php(368): CodeIgniter\CodeIgniter->handleRequest(null, Object(Config\Cache), false)
10 FCPATH\index.php(67): CodeIgniter\CodeIgniter->run()
ERROR - 2023-07-12 03:29:59 --> mysqli_sql_exception: Unknown column 'data' in 'field list' in D:\Xampp\htdocs\QuanLyTaiSan\system\Database\MySQLi\Connection.php:295
Stack trace:
#0 D:\Xampp\htdocs\QuanLyTaiSan\system\Database\MySQLi\Connection.php(295): mysqli->query('UPDATE `dm_tai_...', 0)
#1 D:\Xampp\htdocs\QuanLyTaiSan\system\Database\BaseConnection.php(691): CodeIgniter\Database\MySQLi\Connection->execute('UPDATE `dm_tai_...')
#2 D:\Xampp\htdocs\QuanLyTaiSan\system\Database\BaseConnection.php(605): CodeIgniter\Database\BaseConnection->simpleQuery('UPDATE `dm_tai_...')
#3 D:\Xampp\htdocs\QuanLyTaiSan\system\Database\BaseBuilder.php(2476): CodeIgniter\Database\BaseConnection->query('UPDATE `dm_tai_...', Array, false)
#4 D:\Xampp\htdocs\QuanLyTaiSan\system\Model.php(396): CodeIgniter\Database\BaseBuilder->update()
#5 D:\Xampp\htdocs\QuanLyTaiSan\system\BaseModel.php(943): CodeIgniter\Model->doUpdate(Array, Array)
#6 D:\Xampp\htdocs\QuanLyTaiSan\system\Model.php(756): CodeIgniter\BaseModel->update(Array, Array)
#7 D:\Xampp\htdocs\QuanLyTaiSan\app\Models\DMTaiSanModel.php(52): CodeIgniter\Model->update('DMTS0001', Array)
#8 D:\Xampp\htdocs\QuanLyTaiSan\app\Controllers\Dashboard\DMTaiSanController.php(63): App\Models\DMTaiSanModel->edit_dm(Array)
#9 D:\Xampp\htdocs\QuanLyTaiSan\system\CodeIgniter.php(934): App\Controllers\Dashboard\DMTaiSanController->edit_dm()
#10 D:\Xampp\htdocs\QuanLyTaiSan\system\CodeIgniter.php(499): CodeIgniter\CodeIgniter->runController(Object(App\Controllers\Dashboard\DMTaiSanController))
#11 D:\Xampp\htdocs\QuanLyTaiSan\system\CodeIgniter.php(368): CodeIgniter\CodeIgniter->handleRequest(NULL, Object(Config\Cache), false)
#12 D:\Xampp\htdocs\QuanLyTaiSan\public\index.php(67): CodeIgniter\CodeIgniter->run()
#13 {main}
CRITICAL - 2023-07-12 03:29:59 --> Unknown column 'data' in 'field list'
in SYSTEMPATH\Database\BaseConnection.php on line 645.
 1 SYSTEMPATH\Database\BaseBuilder.php(2476): CodeIgniter\Database\BaseConnection->query('UPDATE `dm_tai_san` SET `ten_dm` = :ten_dm:, `don_vi` = :don_vi:, `dinh_muc` = :dinh_muc:, `data` = :data:, `su_dung` = :su_dung:
WHERE `dm_tai_san`.`ma_dm` IN :dm_tai_san.ma_dm:', [...], false)
 2 SYSTEMPATH\Model.php(396): CodeIgniter\Database\BaseBuilder->update()
 3 SYSTEMPATH\BaseModel.php(943): CodeIgniter\Model->doUpdate([...], [...])
 4 SYSTEMPATH\Model.php(756): CodeIgniter\BaseModel->update([...], [...])
 5 APPPATH\Models\DMTaiSanModel.php(52): CodeIgniter\Model->update('DMTS0001', [...])
 6 APPPATH\Controllers\Dashboard\DMTaiSanController.php(63): App\Models\DMTaiSanModel->edit_dm([...])
 7 SYSTEMPATH\CodeIgniter.php(934): App\Controllers\Dashboard\DMTaiSanController->edit_dm()
 8 SYSTEMPATH\CodeIgniter.php(499): CodeIgniter\CodeIgniter->runController(Object(App\Controllers\Dashboard\DMTaiSanController))
 9 SYSTEMPATH\CodeIgniter.php(368): CodeIgniter\CodeIgniter->handleRequest(null, Object(Config\Cache), false)
10 FCPATH\index.php(67): CodeIgniter\CodeIgniter->run()
ERROR - 2023-07-12 03:30:13 --> mysqli_sql_exception: Unknown column 'data' in 'field list' in D:\Xampp\htdocs\QuanLyTaiSan\system\Database\MySQLi\Connection.php:295
Stack trace:
#0 D:\Xampp\htdocs\QuanLyTaiSan\system\Database\MySQLi\Connection.php(295): mysqli->query('UPDATE `dm_tai_...', 0)
#1 D:\Xampp\htdocs\QuanLyTaiSan\system\Database\BaseConnection.php(691): CodeIgniter\Database\MySQLi\Connection->execute('UPDATE `dm_tai_...')
#2 D:\Xampp\htdocs\QuanLyTaiSan\system\Database\BaseConnection.php(605): CodeIgniter\Database\BaseConnection->simpleQuery('UPDATE `dm_tai_...')
#3 D:\Xampp\htdocs\QuanLyTaiSan\system\Database\BaseBuilder.php(2476): CodeIgniter\Database\BaseConnection->query('UPDATE `dm_tai_...', Array, false)
#4 D:\Xampp\htdocs\QuanLyTaiSan\system\Model.php(396): CodeIgniter\Database\BaseBuilder->update()
#5 D:\Xampp\htdocs\QuanLyTaiSan\system\BaseModel.php(943): CodeIgniter\Model->doUpdate(Array, Array)
#6 D:\Xampp\htdocs\QuanLyTaiSan\system\Model.php(756): CodeIgniter\BaseModel->update(Array, Array)
#7 D:\Xampp\htdocs\QuanLyTaiSan\app\Models\DMTaiSanModel.php(52): CodeIgniter\Model->update('DMTS0001', Array)
#8 D:\Xampp\htdocs\QuanLyTaiSan\app\Controllers\Dashboard\DMTaiSanController.php(63): App\Models\DMTaiSanModel->edit_dm(Array)
#9 D:\Xampp\htdocs\QuanLyTaiSan\system\CodeIgniter.php(934): App\Controllers\Dashboard\DMTaiSanController->edit_dm()
#10 D:\Xampp\htdocs\QuanLyTaiSan\system\CodeIgniter.php(499): CodeIgniter\CodeIgniter->runController(Object(App\Controllers\Dashboard\DMTaiSanController))
#11 D:\Xampp\htdocs\QuanLyTaiSan\system\CodeIgniter.php(368): CodeIgniter\CodeIgniter->handleRequest(NULL, Object(Config\Cache), false)
#12 D:\Xampp\htdocs\QuanLyTaiSan\public\index.php(67): CodeIgniter\CodeIgniter->run()
#13 {main}
CRITICAL - 2023-07-12 03:30:13 --> Unknown column 'data' in 'field list'
in SYSTEMPATH\Database\BaseConnection.php on line 645.
 1 SYSTEMPATH\Database\BaseBuilder.php(2476): CodeIgniter\Database\BaseConnection->query('UPDATE `dm_tai_san` SET `ten_dm` = :ten_dm:, `don_vi` = :don_vi:, `dinh_muc` = :dinh_muc:, `data` = :data:, `su_dung` = :su_dung:
WHERE `dm_tai_san`.`ma_dm` IN :dm_tai_san.ma_dm:', [...], false)
 2 SYSTEMPATH\Model.php(396): CodeIgniter\Database\BaseBuilder->update()
 3 SYSTEMPATH\BaseModel.php(943): CodeIgniter\Model->doUpdate([...], [...])
 4 SYSTEMPATH\Model.php(756): CodeIgniter\BaseModel->update([...], [...])
 5 APPPATH\Models\DMTaiSanModel.php(52): CodeIgniter\Model->update('DMTS0001', [...])
 6 APPPATH\Controllers\Dashboard\DMTaiSanController.php(63): App\Models\DMTaiSanModel->edit_dm([...])
 7 SYSTEMPATH\CodeIgniter.php(934): App\Controllers\Dashboard\DMTaiSanController->edit_dm()
 8 SYSTEMPATH\CodeIgniter.php(499): CodeIgniter\CodeIgniter->runController(Object(App\Controllers\Dashboard\DMTaiSanController))
 9 SYSTEMPATH\CodeIgniter.php(368): CodeIgniter\CodeIgniter->handleRequest(null, Object(Config\Cache), false)
10 FCPATH\index.php(67): CodeIgniter\CodeIgniter->run()
CRITICAL - 2023-07-12 03:31:59 --> Array to string conversion
in SYSTEMPATH\Database\Query.php on line 329.
 1 [internal function]: CodeIgniter\Debug\Exceptions->errorHandler(2, 'Array to string conversion', 'SYSTEMPATH\\Database\\Query.php', 329)
 2 SYSTEMPATH\Database\Query.php(329): implode(',', [...])
 3 SYSTEMPATH\Database\Query.php(310): CodeIgniter\Database\Query->matchNamedBinds('UPDATE `dm_tai_san` SET `ten_dm` = :ten_dm:, `don_vi` = :don_vi:, `dinh_muc` = :dinh_muc:, `data` = :data:, `su_dung` = :su_dung:
WHERE `dm_tai_san`.`ma_dm` IN :dm_tai_san.ma_dm:', [...])
 4 SYSTEMPATH\Database\Query.php(159): CodeIgniter\Database\Query->compileBinds()
 5 SYSTEMPATH\Database\BaseConnection.php(605): CodeIgniter\Database\Query->getQuery()
 6 SYSTEMPATH\Database\BaseBuilder.php(2476): CodeIgniter\Database\BaseConnection->query('UPDATE `dm_tai_san` SET `ten_dm` = :ten_dm:, `don_vi` = :don_vi:, `dinh_muc` = :dinh_muc:, `data` = :data:, `su_dung` = :su_dung:
WHERE `dm_tai_san`.`ma_dm` IN :dm_tai_san.ma_dm:', [...], false)
 7 SYSTEMPATH\Model.php(396): CodeIgniter\Database\BaseBuilder->update()
 8 SYSTEMPATH\BaseModel.php(943): CodeIgniter\Model->doUpdate([...], [...])
 9 SYSTEMPATH\Model.php(756): CodeIgniter\BaseModel->update([...], [...])
10 APPPATH\Models\DMTaiSanModel.php(52): CodeIgniter\Model->update('DMTS0001', [...])
11 APPPATH\Controllers\Dashboard\DMTaiSanController.php(63): App\Models\DMTaiSanModel->edit_dm([...])
12 SYSTEMPATH\CodeIgniter.php(934): App\Controllers\Dashboard\DMTaiSanController->edit_dm()
13 SYSTEMPATH\CodeIgniter.php(499): CodeIgniter\CodeIgniter->runController(Object(App\Controllers\Dashboard\DMTaiSanController))
14 SYSTEMPATH\CodeIgniter.php(368): CodeIgniter\CodeIgniter->handleRequest(null, Object(Config\Cache), false)
15 FCPATH\index.php(67): CodeIgniter\CodeIgniter->run()
ERROR - 2023-07-12 03:32:31 --> mysqli_sql_exception: Unknown column 'data' in 'field list' in D:\Xampp\htdocs\QuanLyTaiSan\system\Database\MySQLi\Connection.php:295
Stack trace:
#0 D:\Xampp\htdocs\QuanLyTaiSan\system\Database\MySQLi\Connection.php(295): mysqli->query('UPDATE `dm_tai_...', 0)
#1 D:\Xampp\htdocs\QuanLyTaiSan\system\Database\BaseConnection.php(691): CodeIgniter\Database\MySQLi\Connection->execute('UPDATE `dm_tai_...')
#2 D:\Xampp\htdocs\QuanLyTaiSan\system\Database\BaseConnection.php(605): CodeIgniter\Database\BaseConnection->simpleQuery('UPDATE `dm_tai_...')
#3 D:\Xampp\htdocs\QuanLyTaiSan\system\Database\BaseBuilder.php(2476): CodeIgniter\Database\BaseConnection->query('UPDATE `dm_tai_...', Array, false)
#4 D:\Xampp\htdocs\QuanLyTaiSan\system\Model.php(396): CodeIgniter\Database\BaseBuilder->update()
#5 D:\Xampp\htdocs\QuanLyTaiSan\system\BaseModel.php(943): CodeIgniter\Model->doUpdate(Array, Array)
#6 D:\Xampp\htdocs\QuanLyTaiSan\system\Model.php(756): CodeIgniter\BaseModel->update(Array, Array)
#7 D:\Xampp\htdocs\QuanLyTaiSan\app\Models\DMTaiSanModel.php(52): CodeIgniter\Model->update('DMTS0001', Array)
#8 D:\Xampp\htdocs\QuanLyTaiSan\app\Controllers\Dashboard\DMTaiSanController.php(63): App\Models\DMTaiSanModel->edit_dm(Array)
#9 D:\Xampp\htdocs\QuanLyTaiSan\system\CodeIgniter.php(934): App\Controllers\Dashboard\DMTaiSanController->edit_dm()
#10 D:\Xampp\htdocs\QuanLyTaiSan\system\CodeIgniter.php(499): CodeIgniter\CodeIgniter->runController(Object(App\Controllers\Dashboard\DMTaiSanController))
#11 D:\Xampp\htdocs\QuanLyTaiSan\system\CodeIgniter.php(368): CodeIgniter\CodeIgniter->handleRequest(NULL, Object(Config\Cache), false)
#12 D:\Xampp\htdocs\QuanLyTaiSan\public\index.php(67): CodeIgniter\CodeIgniter->run()
#13 {main}
CRITICAL - 2023-07-12 03:32:31 --> Unknown column 'data' in 'field list'
in SYSTEMPATH\Database\BaseConnection.php on line 645.
 1 SYSTEMPATH\Database\BaseBuilder.php(2476): CodeIgniter\Database\BaseConnection->query('UPDATE `dm_tai_san` SET `ten_dm` = :ten_dm:, `don_vi` = :don_vi:, `dinh_muc` = :dinh_muc:, `data` = :data:, `su_dung` = :su_dung:
WHERE `dm_tai_san`.`ma_dm` IN :dm_tai_san.ma_dm:', [...], false)
 2 SYSTEMPATH\Model.php(396): CodeIgniter\Database\BaseBuilder->update()
 3 SYSTEMPATH\BaseModel.php(943): CodeIgniter\Model->doUpdate([...], [...])
 4 SYSTEMPATH\Model.php(756): CodeIgniter\BaseModel->update([...], [...])
 5 APPPATH\Models\DMTaiSanModel.php(52): CodeIgniter\Model->update('DMTS0001', [...])
 6 APPPATH\Controllers\Dashboard\DMTaiSanController.php(63): App\Models\DMTaiSanModel->edit_dm([...])
 7 SYSTEMPATH\CodeIgniter.php(934): App\Controllers\Dashboard\DMTaiSanController->edit_dm()
 8 SYSTEMPATH\CodeIgniter.php(499): CodeIgniter\CodeIgniter->runController(Object(App\Controllers\Dashboard\DMTaiSanController))
 9 SYSTEMPATH\CodeIgniter.php(368): CodeIgniter\CodeIgniter->handleRequest(null, Object(Config\Cache), false)
10 FCPATH\index.php(67): CodeIgniter\CodeIgniter->run()
ERROR - 2023-07-12 03:44:30 --> mysqli_sql_exception: Unknown column 'data' in 'field list' in D:\Xampp\htdocs\QuanLyTaiSan\system\Database\MySQLi\Connection.php:295
Stack trace:
#0 D:\Xampp\htdocs\QuanLyTaiSan\system\Database\MySQLi\Connection.php(295): mysqli->query('UPDATE `dm_tai_...', 0)
#1 D:\Xampp\htdocs\QuanLyTaiSan\system\Database\BaseConnection.php(691): CodeIgniter\Database\MySQLi\Connection->execute('UPDATE `dm_tai_...')
#2 D:\Xampp\htdocs\QuanLyTaiSan\system\Database\BaseConnection.php(605): CodeIgniter\Database\BaseConnection->simpleQuery('UPDATE `dm_tai_...')
#3 D:\Xampp\htdocs\QuanLyTaiSan\system\Database\BaseBuilder.php(2476): CodeIgniter\Database\BaseConnection->query('UPDATE `dm_tai_...', Array, false)
#4 D:\Xampp\htdocs\QuanLyTaiSan\system\Model.php(396): CodeIgniter\Database\BaseBuilder->update()
#5 D:\Xampp\htdocs\QuanLyTaiSan\system\BaseModel.php(943): CodeIgniter\Model->doUpdate(Array, Array)
#6 D:\Xampp\htdocs\QuanLyTaiSan\system\Model.php(756): CodeIgniter\BaseModel->update(Array, Array)
#7 D:\Xampp\htdocs\QuanLyTaiSan\app\Models\DMTaiSanModel.php(52): CodeIgniter\Model->update('DMTS0001', Array)
#8 D:\Xampp\htdocs\QuanLyTaiSan\app\Controllers\Dashboard\DMTaiSanController.php(63): App\Models\DMTaiSanModel->edit_dm(Array)
#9 D:\Xampp\htdocs\QuanLyTaiSan\system\CodeIgniter.php(934): App\Controllers\Dashboard\DMTaiSanController->edit_dm()
#10 D:\Xampp\htdocs\QuanLyTaiSan\system\CodeIgniter.php(499): CodeIgniter\CodeIgniter->runController(Object(App\Controllers\Dashboard\DMTaiSanController))
#11 D:\Xampp\htdocs\QuanLyTaiSan\system\CodeIgniter.php(368): CodeIgniter\CodeIgniter->handleRequest(NULL, Object(Config\Cache), false)
#12 D:\Xampp\htdocs\QuanLyTaiSan\public\index.php(67): CodeIgniter\CodeIgniter->run()
#13 {main}
CRITICAL - 2023-07-12 03:44:30 --> Unknown column 'data' in 'field list'
in SYSTEMPATH\Database\BaseConnection.php on line 645.
 1 SYSTEMPATH\Database\BaseBuilder.php(2476): CodeIgniter\Database\BaseConnection->query('UPDATE `dm_tai_san` SET `ten_dm` = :ten_dm:, `don_vi` = :don_vi:, `dinh_muc` = :dinh_muc:, `data` = :data:, `su_dung` = :su_dung:
WHERE `dm_tai_san`.`ma_dm` IN :dm_tai_san.ma_dm:', [...], false)
 2 SYSTEMPATH\Model.php(396): CodeIgniter\Database\BaseBuilder->update()
 3 SYSTEMPATH\BaseModel.php(943): CodeIgniter\Model->doUpdate([...], [...])
 4 SYSTEMPATH\Model.php(756): CodeIgniter\BaseModel->update([...], [...])
 5 APPPATH\Models\DMTaiSanModel.php(52): CodeIgniter\Model->update('DMTS0001', [...])
 6 APPPATH\Controllers\Dashboard\DMTaiSanController.php(63): App\Models\DMTaiSanModel->edit_dm([...])
 7 SYSTEMPATH\CodeIgniter.php(934): App\Controllers\Dashboard\DMTaiSanController->edit_dm()
 8 SYSTEMPATH\CodeIgniter.php(499): CodeIgniter\CodeIgniter->runController(Object(App\Controllers\Dashboard\DMTaiSanController))
 9 SYSTEMPATH\CodeIgniter.php(368): CodeIgniter\CodeIgniter->handleRequest(null, Object(Config\Cache), false)
10 FCPATH\index.php(67): CodeIgniter\CodeIgniter->run()
ERROR - 2023-07-12 03:45:44 --> mysqli_sql_exception: Unknown column 'data' in 'field list' in D:\Xampp\htdocs\QuanLyTaiSan\system\Database\MySQLi\Connection.php:295
Stack trace:
#0 D:\Xampp\htdocs\QuanLyTaiSan\system\Database\MySQLi\Connection.php(295): mysqli->query('UPDATE `dm_tai_...', 0)
#1 D:\Xampp\htdocs\QuanLyTaiSan\system\Database\BaseConnection.php(691): CodeIgniter\Database\MySQLi\Connection->execute('UPDATE `dm_tai_...')
#2 D:\Xampp\htdocs\QuanLyTaiSan\system\Database\BaseConnection.php(605): CodeIgniter\Database\BaseConnection->simpleQuery('UPDATE `dm_tai_...')
#3 D:\Xampp\htdocs\QuanLyTaiSan\system\Database\BaseBuilder.php(2476): CodeIgniter\Database\BaseConnection->query('UPDATE `dm_tai_...', Array, false)
#4 D:\Xampp\htdocs\QuanLyTaiSan\system\Model.php(396): CodeIgniter\Database\BaseBuilder->update()
#5 D:\Xampp\htdocs\QuanLyTaiSan\system\BaseModel.php(943): CodeIgniter\Model->doUpdate(Array, Array)
#6 D:\Xampp\htdocs\QuanLyTaiSan\system\Model.php(756): CodeIgniter\BaseModel->update(Array, Array)
#7 D:\Xampp\htdocs\QuanLyTaiSan\app\Models\DMTaiSanModel.php(52): CodeIgniter\Model->update('DMTS0002', Array)
#8 D:\Xampp\htdocs\QuanLyTaiSan\app\Controllers\Dashboard\DMTaiSanController.php(63): App\Models\DMTaiSanModel->edit_dm(Array)
#9 D:\Xampp\htdocs\QuanLyTaiSan\system\CodeIgniter.php(934): App\Controllers\Dashboard\DMTaiSanController->edit_dm()
#10 D:\Xampp\htdocs\QuanLyTaiSan\system\CodeIgniter.php(499): CodeIgniter\CodeIgniter->runController(Object(App\Controllers\Dashboard\DMTaiSanController))
#11 D:\Xampp\htdocs\QuanLyTaiSan\system\CodeIgniter.php(368): CodeIgniter\CodeIgniter->handleRequest(NULL, Object(Config\Cache), false)
#12 D:\Xampp\htdocs\QuanLyTaiSan\public\index.php(67): CodeIgniter\CodeIgniter->run()
#13 {main}
CRITICAL - 2023-07-12 03:45:44 --> Unknown column 'data' in 'field list'
in SYSTEMPATH\Database\BaseConnection.php on line 645.
 1 SYSTEMPATH\Database\BaseBuilder.php(2476): CodeIgniter\Database\BaseConnection->query('UPDATE `dm_tai_san` SET `ten_dm` = :ten_dm:, `thuoc_loai` = :thuoc_loai:, `don_vi` = :don_vi:, `dinh_muc` = :dinh_muc:, `data` = :data:, `su_dung` = :su_dung:
WHERE `dm_tai_san`.`ma_dm` IN :dm_tai_san.ma_dm:', [...], false)
 2 SYSTEMPATH\Model.php(396): CodeIgniter\Database\BaseBuilder->update()
 3 SYSTEMPATH\BaseModel.php(943): CodeIgniter\Model->doUpdate([...], [...])
 4 SYSTEMPATH\Model.php(756): CodeIgniter\BaseModel->update([...], [...])
 5 APPPATH\Models\DMTaiSanModel.php(52): CodeIgniter\Model->update('DMTS0002', [...])
 6 APPPATH\Controllers\Dashboard\DMTaiSanController.php(63): App\Models\DMTaiSanModel->edit_dm([...])
 7 SYSTEMPATH\CodeIgniter.php(934): App\Controllers\Dashboard\DMTaiSanController->edit_dm()
 8 SYSTEMPATH\CodeIgniter.php(499): CodeIgniter\CodeIgniter->runController(Object(App\Controllers\Dashboard\DMTaiSanController))
 9 SYSTEMPATH\CodeIgniter.php(368): CodeIgniter\CodeIgniter->handleRequest(null, Object(Config\Cache), false)
10 FCPATH\index.php(67): CodeIgniter\CodeIgniter->run()
ERROR - 2023-07-12 03:45:54 --> mysqli_sql_exception: Unknown column 'data' in 'field list' in D:\Xampp\htdocs\QuanLyTaiSan\system\Database\MySQLi\Connection.php:295
Stack trace:
#0 D:\Xampp\htdocs\QuanLyTaiSan\system\Database\MySQLi\Connection.php(295): mysqli->query('UPDATE `dm_tai_...', 0)
#1 D:\Xampp\htdocs\QuanLyTaiSan\system\Database\BaseConnection.php(691): CodeIgniter\Database\MySQLi\Connection->execute('UPDATE `dm_tai_...')
#2 D:\Xampp\htdocs\QuanLyTaiSan\system\Database\BaseConnection.php(605): CodeIgniter\Database\BaseConnection->simpleQuery('UPDATE `dm_tai_...')
#3 D:\Xampp\htdocs\QuanLyTaiSan\system\Database\BaseBuilder.php(2476): CodeIgniter\Database\BaseConnection->query('UPDATE `dm_tai_...', Array, false)
#4 D:\Xampp\htdocs\QuanLyTaiSan\system\Model.php(396): CodeIgniter\Database\BaseBuilder->update()
#5 D:\Xampp\htdocs\QuanLyTaiSan\system\BaseModel.php(943): CodeIgniter\Model->doUpdate(Array, Array)
#6 D:\Xampp\htdocs\QuanLyTaiSan\system\Model.php(756): CodeIgniter\BaseModel->update(Array, Array)
#7 D:\Xampp\htdocs\QuanLyTaiSan\app\Models\DMTaiSanModel.php(52): CodeIgniter\Model->update('DMTS0002', Array)
#8 D:\Xampp\htdocs\QuanLyTaiSan\app\Controllers\Dashboard\DMTaiSanController.php(63): App\Models\DMTaiSanModel->edit_dm(Array)
#9 D:\Xampp\htdocs\QuanLyTaiSan\system\CodeIgniter.php(934): App\Controllers\Dashboard\DMTaiSanController->edit_dm()
#10 D:\Xampp\htdocs\QuanLyTaiSan\system\CodeIgniter.php(499): CodeIgniter\CodeIgniter->runController(Object(App\Controllers\Dashboard\DMTaiSanController))
#11 D:\Xampp\htdocs\QuanLyTaiSan\system\CodeIgniter.php(368): CodeIgniter\CodeIgniter->handleRequest(NULL, Object(Config\Cache), false)
#12 D:\Xampp\htdocs\QuanLyTaiSan\public\index.php(67): CodeIgniter\CodeIgniter->run()
#13 {main}
CRITICAL - 2023-07-12 03:45:54 --> Unknown column 'data' in 'field list'
in SYSTEMPATH\Database\BaseConnection.php on line 645.
 1 SYSTEMPATH\Database\BaseBuilder.php(2476): CodeIgniter\Database\BaseConnection->query('UPDATE `dm_tai_san` SET `ten_dm` = :ten_dm:, `thuoc_loai` = :thuoc_loai:, `don_vi` = :don_vi:, `dinh_muc` = :dinh_muc:, `data` = :data:, `su_dung` = :su_dung:
WHERE `dm_tai_san`.`ma_dm` IN :dm_tai_san.ma_dm:', [...], false)
 2 SYSTEMPATH\Model.php(396): CodeIgniter\Database\BaseBuilder->update()
 3 SYSTEMPATH\BaseModel.php(943): CodeIgniter\Model->doUpdate([...], [...])
 4 SYSTEMPATH\Model.php(756): CodeIgniter\BaseModel->update([...], [...])
 5 APPPATH\Models\DMTaiSanModel.php(52): CodeIgniter\Model->update('DMTS0002', [...])
 6 APPPATH\Controllers\Dashboard\DMTaiSanController.php(63): App\Models\DMTaiSanModel->edit_dm([...])
 7 SYSTEMPATH\CodeIgniter.php(934): App\Controllers\Dashboard\DMTaiSanController->edit_dm()
 8 SYSTEMPATH\CodeIgniter.php(499): CodeIgniter\CodeIgniter->runController(Object(App\Controllers\Dashboard\DMTaiSanController))
 9 SYSTEMPATH\CodeIgniter.php(368): CodeIgniter\CodeIgniter->handleRequest(null, Object(Config\Cache), false)
10 FCPATH\index.php(67): CodeIgniter\CodeIgniter->run()
ERROR - 2023-07-12 03:46:23 --> mysqli_sql_exception: Unknown column 'data' in 'field list' in D:\Xampp\htdocs\QuanLyTaiSan\system\Database\MySQLi\Connection.php:295
Stack trace:
#0 D:\Xampp\htdocs\QuanLyTaiSan\system\Database\MySQLi\Connection.php(295): mysqli->query('UPDATE `dm_tai_...', 0)
#1 D:\Xampp\htdocs\QuanLyTaiSan\system\Database\BaseConnection.php(691): CodeIgniter\Database\MySQLi\Connection->execute('UPDATE `dm_tai_...')
#2 D:\Xampp\htdocs\QuanLyTaiSan\system\Database\BaseConnection.php(605): CodeIgniter\Database\BaseConnection->simpleQuery('UPDATE `dm_tai_...')
#3 D:\Xampp\htdocs\QuanLyTaiSan\system\Database\BaseBuilder.php(2476): CodeIgniter\Database\BaseConnection->query('UPDATE `dm_tai_...', Array, false)
#4 D:\Xampp\htdocs\QuanLyTaiSan\system\Model.php(396): CodeIgniter\Database\BaseBuilder->update()
#5 D:\Xampp\htdocs\QuanLyTaiSan\system\BaseModel.php(943): CodeIgniter\Model->doUpdate(Array, Array)
#6 D:\Xampp\htdocs\QuanLyTaiSan\system\Model.php(756): CodeIgniter\BaseModel->update(Array, Array)
#7 D:\Xampp\htdocs\QuanLyTaiSan\app\Models\DMTaiSanModel.php(52): CodeIgniter\Model->update('DMTS0002', Array)
#8 D:\Xampp\htdocs\QuanLyTaiSan\app\Controllers\Dashboard\DMTaiSanController.php(63): App\Models\DMTaiSanModel->edit_dm(Array)
#9 D:\Xampp\htdocs\QuanLyTaiSan\system\CodeIgniter.php(934): App\Controllers\Dashboard\DMTaiSanController->edit_dm()
#10 D:\Xampp\htdocs\QuanLyTaiSan\system\CodeIgniter.php(499): CodeIgniter\CodeIgniter->runController(Object(App\Controllers\Dashboard\DMTaiSanController))
#11 D:\Xampp\htdocs\QuanLyTaiSan\system\CodeIgniter.php(368): CodeIgniter\CodeIgniter->handleRequest(NULL, Object(Config\Cache), false)
#12 D:\Xampp\htdocs\QuanLyTaiSan\public\index.php(67): CodeIgniter\CodeIgniter->run()
#13 {main}
CRITICAL - 2023-07-12 03:46:23 --> Unknown column 'data' in 'field list'
in SYSTEMPATH\Database\BaseConnection.php on line 645.
 1 SYSTEMPATH\Database\BaseBuilder.php(2476): CodeIgniter\Database\BaseConnection->query('UPDATE `dm_tai_san` SET `ten_dm` = :ten_dm:, `thuoc_loai` = :thuoc_loai:, `don_vi` = :don_vi:, `dinh_muc` = :dinh_muc:, `data` = :data:, `su_dung` = :su_dung:
WHERE `dm_tai_san`.`ma_dm` IN :dm_tai_san.ma_dm:', [...], false)
 2 SYSTEMPATH\Model.php(396): CodeIgniter\Database\BaseBuilder->update()
 3 SYSTEMPATH\BaseModel.php(943): CodeIgniter\Model->doUpdate([...], [...])
 4 SYSTEMPATH\Model.php(756): CodeIgniter\BaseModel->update([...], [...])
 5 APPPATH\Models\DMTaiSanModel.php(52): CodeIgniter\Model->update('DMTS0002', [...])
 6 APPPATH\Controllers\Dashboard\DMTaiSanController.php(63): App\Models\DMTaiSanModel->edit_dm([...])
 7 SYSTEMPATH\CodeIgniter.php(934): App\Controllers\Dashboard\DMTaiSanController->edit_dm()
 8 SYSTEMPATH\CodeIgniter.php(499): CodeIgniter\CodeIgniter->runController(Object(App\Controllers\Dashboard\DMTaiSanController))
 9 SYSTEMPATH\CodeIgniter.php(368): CodeIgniter\CodeIgniter->handleRequest(null, Object(Config\Cache), false)
10 FCPATH\index.php(67): CodeIgniter\CodeIgniter->run()
