ERROR - 2023-06-08 02:09:56 --> Error connecting to the database: mysqli_sql_exception: No connection could be made because the target machine actively refused it in D:\Xampp\htdocs\QuanLyTaiSan\system\Database\MySQLi\Connection.php:174
Stack trace:
#0 D:\Xampp\htdocs\QuanLyTaiSan\system\Database\MySQLi\Connection.php(174): mysqli->real_connect('localhost', 'root', '', 'qltaisan', 3306, '', 0)
#1 D:\Xampp\htdocs\QuanLyTaiSan\system\Database\BaseConnection.php(391): CodeIgniter\Database\MySQLi\Connection->connect(false)
#2 D:\Xampp\htdocs\QuanLyTaiSan\system\Database\BaseConnection.php(573): CodeIgniter\Database\BaseConnection->initialize()
#3 D:\Xampp\htdocs\QuanLyTaiSan\system\Database\BaseBuilder.php(1616): CodeIgniter\Database\BaseConnection->query('SELECT *\nFROM `...', Array, false)
#4 D:\Xampp\htdocs\QuanLyTaiSan\app\Libraries\lib_auth.php(38): CodeIgniter\Database\BaseBuilder->get()
#5 D:\Xampp\htdocs\QuanLyTaiSan\app\Libraries\lib_auth.php(13): App\Libraries\lib_auth->getFuntionUser(NULL)
#6 D:\Xampp\htdocs\QuanLyTaiSan\app\Controllers\BaseController.php(58): App\Libraries\lib_auth->__construct()
#7 D:\Xampp\htdocs\QuanLyTaiSan\system\CodeIgniter.php(907): App\Controllers\BaseController->initController(Object(CodeIgniter\HTTP\IncomingRequest), Object(CodeIgniter\HTTP\Response), Object(CodeIgniter\Log\Logger))
#8 D:\Xampp\htdocs\QuanLyTaiSan\system\CodeIgniter.php(490): CodeIgniter\CodeIgniter->createController()
#9 D:\Xampp\htdocs\QuanLyTaiSan\system\CodeIgniter.php(368): CodeIgniter\CodeIgniter->handleRequest(NULL, Object(Config\Cache), false)
#10 D:\Xampp\htdocs\QuanLyTaiSan\public\index.php(67): CodeIgniter\CodeIgniter->run()
#11 {main}

Next CodeIgniter\Database\Exceptions\DatabaseException: No connection could be made because the target machine actively refused it in D:\Xampp\htdocs\QuanLyTaiSan\system\Database\MySQLi\Connection.php:218
Stack trace:
#0 D:\Xampp\htdocs\QuanLyTaiSan\system\Database\BaseConnection.php(391): CodeIgniter\Database\MySQLi\Connection->connect(false)
#1 D:\Xampp\htdocs\QuanLyTaiSan\system\Database\BaseConnection.php(573): CodeIgniter\Database\BaseConnection->initialize()
#2 D:\Xampp\htdocs\QuanLyTaiSan\system\Database\BaseBuilder.php(1616): CodeIgniter\Database\BaseConnection->query('SELECT *\nFROM `...', Array, false)
#3 D:\Xampp\htdocs\QuanLyTaiSan\app\Libraries\lib_auth.php(38): CodeIgniter\Database\BaseBuilder->get()
#4 D:\Xampp\htdocs\QuanLyTaiSan\app\Libraries\lib_auth.php(13): App\Libraries\lib_auth->getFuntionUser(NULL)
#5 D:\Xampp\htdocs\QuanLyTaiSan\app\Controllers\BaseController.php(58): App\Libraries\lib_auth->__construct()
#6 D:\Xampp\htdocs\QuanLyTaiSan\system\CodeIgniter.php(907): App\Controllers\BaseController->initController(Object(CodeIgniter\HTTP\IncomingRequest), Object(CodeIgniter\HTTP\Response), Object(CodeIgniter\Log\Logger))
#7 D:\Xampp\htdocs\QuanLyTaiSan\system\CodeIgniter.php(490): CodeIgniter\CodeIgniter->createController()
#8 D:\Xampp\htdocs\QuanLyTaiSan\system\CodeIgniter.php(368): CodeIgniter\CodeIgniter->handleRequest(NULL, Object(Config\Cache), false)
#9 D:\Xampp\htdocs\QuanLyTaiSan\public\index.php(67): CodeIgniter\CodeIgniter->run()
#10 {main}
CRITICAL - 2023-06-08 02:09:56 --> Unable to connect to the database.
Main connection [MySQLi]: No connection could be made because the target machine actively refused it
in SYSTEMPATH\Database\BaseConnection.php on line 427.
 1 SYSTEMPATH\Database\BaseConnection.php(573): CodeIgniter\Database\BaseConnection->initialize()
 2 SYSTEMPATH\Database\BaseBuilder.php(1616): CodeIgniter\Database\BaseConnection->query('SELECT *
FROM `user_function`
WHERE `user_id` IS NULL', [], false)
 3 APPPATH\Libraries\lib_auth.php(38): CodeIgniter\Database\BaseBuilder->get()
 4 APPPATH\Libraries\lib_auth.php(13): App\Libraries\lib_auth->getFuntionUser(null)
 5 APPPATH\Controllers\BaseController.php(58): App\Libraries\lib_auth->__construct()
 6 SYSTEMPATH\CodeIgniter.php(907): App\Controllers\BaseController->initController(Object(CodeIgniter\HTTP\IncomingRequest), Object(CodeIgniter\HTTP\Response), Object(CodeIgniter\Log\Logger))
 7 SYSTEMPATH\CodeIgniter.php(490): CodeIgniter\CodeIgniter->createController()
 8 SYSTEMPATH\CodeIgniter.php(368): CodeIgniter\CodeIgniter->handleRequest(null, Object(Config\Cache), false)
 9 FCPATH\index.php(67): CodeIgniter\CodeIgniter->run()
ERROR - 2023-06-08 04:30:15 --> mysqli_sql_exception: Duplicate column name 'function_id' in D:\Xampp\htdocs\QuanLyTaiSan\system\Database\MySQLi\Connection.php:295
Stack trace:
#0 D:\Xampp\htdocs\QuanLyTaiSan\system\Database\MySQLi\Connection.php(295): mysqli->query('SELECT * FROM (...', 0)
#1 D:\Xampp\htdocs\QuanLyTaiSan\system\Database\BaseConnection.php(691): CodeIgniter\Database\MySQLi\Connection->execute('SELECT * FROM (...')
#2 D:\Xampp\htdocs\QuanLyTaiSan\system\Database\BaseConnection.php(605): CodeIgniter\Database\BaseConnection->simpleQuery('SELECT * FROM (...')
#3 D:\Xampp\htdocs\QuanLyTaiSan\app\Models\UserFunctionModel.php(19): CodeIgniter\Database\BaseConnection->query('SELECT * FROM (...', Array)
#4 D:\Xampp\htdocs\QuanLyTaiSan\app\Controllers\Dashboard\UserFunctionController.php(23): App\Models\UserFunctionModel->getListUserFunction('admin')
#5 D:\Xampp\htdocs\QuanLyTaiSan\system\CodeIgniter.php(934): App\Controllers\Dashboard\UserFunctionController->index()
#6 D:\Xampp\htdocs\QuanLyTaiSan\system\CodeIgniter.php(499): CodeIgniter\CodeIgniter->runController(Object(App\Controllers\Dashboard\UserFunctionController))
#7 D:\Xampp\htdocs\QuanLyTaiSan\system\CodeIgniter.php(368): CodeIgniter\CodeIgniter->handleRequest(NULL, Object(Config\Cache), false)
#8 D:\Xampp\htdocs\QuanLyTaiSan\public\index.php(67): CodeIgniter\CodeIgniter->run()
#9 {main}
CRITICAL - 2023-06-08 04:30:15 --> Duplicate column name 'function_id'
in SYSTEMPATH\Database\BaseConnection.php on line 645.
 1 APPPATH\Models\UserFunctionModel.php(19): CodeIgniter\Database\BaseConnection->query('SELECT * FROM (SELECT * FROM (SELECT * FROM user_function WHERE user_id = ?) AS UF 
                RIGHT JOIN functions AS F ON F.function_id = UF.function_id) AS UFF ORDER BY function_group', [...])
 2 APPPATH\Controllers\Dashboard\UserFunctionController.php(23): App\Models\UserFunctionModel->getListUserFunction('admin')
 3 SYSTEMPATH\CodeIgniter.php(934): App\Controllers\Dashboard\UserFunctionController->index()
 4 SYSTEMPATH\CodeIgniter.php(499): CodeIgniter\CodeIgniter->runController(Object(App\Controllers\Dashboard\UserFunctionController))
 5 SYSTEMPATH\CodeIgniter.php(368): CodeIgniter\CodeIgniter->handleRequest(null, Object(Config\Cache), false)
 6 FCPATH\index.php(67): CodeIgniter\CodeIgniter->run()
ERROR - 2023-06-08 04:30:17 --> mysqli_sql_exception: Duplicate column name 'function_id' in D:\Xampp\htdocs\QuanLyTaiSan\system\Database\MySQLi\Connection.php:295
Stack trace:
#0 D:\Xampp\htdocs\QuanLyTaiSan\system\Database\MySQLi\Connection.php(295): mysqli->query('SELECT * FROM (...', 0)
#1 D:\Xampp\htdocs\QuanLyTaiSan\system\Database\BaseConnection.php(691): CodeIgniter\Database\MySQLi\Connection->execute('SELECT * FROM (...')
#2 D:\Xampp\htdocs\QuanLyTaiSan\system\Database\BaseConnection.php(605): CodeIgniter\Database\BaseConnection->simpleQuery('SELECT * FROM (...')
#3 D:\Xampp\htdocs\QuanLyTaiSan\app\Models\UserFunctionModel.php(19): CodeIgniter\Database\BaseConnection->query('SELECT * FROM (...', Array)
#4 D:\Xampp\htdocs\QuanLyTaiSan\app\Controllers\Dashboard\UserFunctionController.php(23): App\Models\UserFunctionModel->getListUserFunction('admin')
#5 D:\Xampp\htdocs\QuanLyTaiSan\system\CodeIgniter.php(934): App\Controllers\Dashboard\UserFunctionController->index()
#6 D:\Xampp\htdocs\QuanLyTaiSan\system\CodeIgniter.php(499): CodeIgniter\CodeIgniter->runController(Object(App\Controllers\Dashboard\UserFunctionController))
#7 D:\Xampp\htdocs\QuanLyTaiSan\system\CodeIgniter.php(368): CodeIgniter\CodeIgniter->handleRequest(NULL, Object(Config\Cache), false)
#8 D:\Xampp\htdocs\QuanLyTaiSan\public\index.php(67): CodeIgniter\CodeIgniter->run()
#9 {main}
CRITICAL - 2023-06-08 04:30:17 --> Duplicate column name 'function_id'
in SYSTEMPATH\Database\BaseConnection.php on line 645.
 1 APPPATH\Models\UserFunctionModel.php(19): CodeIgniter\Database\BaseConnection->query('SELECT * FROM (SELECT * FROM (SELECT * FROM user_function WHERE user_id = ?) AS UF 
                RIGHT JOIN functions AS F ON F.function_id = UF.function_id) AS UFF ORDER BY function_group', [...])
 2 APPPATH\Controllers\Dashboard\UserFunctionController.php(23): App\Models\UserFunctionModel->getListUserFunction('admin')
 3 SYSTEMPATH\CodeIgniter.php(934): App\Controllers\Dashboard\UserFunctionController->index()
 4 SYSTEMPATH\CodeIgniter.php(499): CodeIgniter\CodeIgniter->runController(Object(App\Controllers\Dashboard\UserFunctionController))
 5 SYSTEMPATH\CodeIgniter.php(368): CodeIgniter\CodeIgniter->handleRequest(null, Object(Config\Cache), false)
 6 FCPATH\index.php(67): CodeIgniter\CodeIgniter->run()
ERROR - 2023-06-08 06:55:48 --> mysqli_sql_exception: Column 'function_id' in field list is ambiguous in D:\Xampp\htdocs\QuanLyTaiSan\system\Database\MySQLi\Connection.php:295
Stack trace:
#0 D:\Xampp\htdocs\QuanLyTaiSan\system\Database\MySQLi\Connection.php(295): mysqli->query('SELECT * FROM (...', 0)
#1 D:\Xampp\htdocs\QuanLyTaiSan\system\Database\BaseConnection.php(691): CodeIgniter\Database\MySQLi\Connection->execute('SELECT * FROM (...')
#2 D:\Xampp\htdocs\QuanLyTaiSan\system\Database\BaseConnection.php(605): CodeIgniter\Database\BaseConnection->simpleQuery('SELECT * FROM (...')
#3 D:\Xampp\htdocs\QuanLyTaiSan\app\Models\UserFunctionModel.php(21): CodeIgniter\Database\BaseConnection->query('SELECT * FROM (...', Array)
#4 D:\Xampp\htdocs\QuanLyTaiSan\app\Controllers\Dashboard\UserFunctionController.php(23): App\Models\UserFunctionModel->getListUserFunction('admin')
#5 D:\Xampp\htdocs\QuanLyTaiSan\system\CodeIgniter.php(934): App\Controllers\Dashboard\UserFunctionController->index()
#6 D:\Xampp\htdocs\QuanLyTaiSan\system\CodeIgniter.php(499): CodeIgniter\CodeIgniter->runController(Object(App\Controllers\Dashboard\UserFunctionController))
#7 D:\Xampp\htdocs\QuanLyTaiSan\system\CodeIgniter.php(368): CodeIgniter\CodeIgniter->handleRequest(NULL, Object(Config\Cache), false)
#8 D:\Xampp\htdocs\QuanLyTaiSan\public\index.php(67): CodeIgniter\CodeIgniter->run()
#9 {main}
CRITICAL - 2023-06-08 06:55:48 --> Column 'function_id' in field list is ambiguous
in SYSTEMPATH\Database\BaseConnection.php on line 645.
 1 APPPATH\Models\UserFunctionModel.php(21): CodeIgniter\Database\BaseConnection->query('SELECT * FROM (SELECT function_group,function_name,function_id,
                                      function_view,function_add,function_edit,
                                      function_delete FROM (SELECT * FROM user_function WHERE user_id = ?) AS UF 
                RIGHT JOIN functions AS F ON F.function_id = UF.function_id) AS UFF ORDER BY function_group', [...])
 2 APPPATH\Controllers\Dashboard\UserFunctionController.php(23): App\Models\UserFunctionModel->getListUserFunction('admin')
 3 SYSTEMPATH\CodeIgniter.php(934): App\Controllers\Dashboard\UserFunctionController->index()
 4 SYSTEMPATH\CodeIgniter.php(499): CodeIgniter\CodeIgniter->runController(Object(App\Controllers\Dashboard\UserFunctionController))
 5 SYSTEMPATH\CodeIgniter.php(368): CodeIgniter\CodeIgniter->handleRequest(null, Object(Config\Cache), false)
 6 FCPATH\index.php(67): CodeIgniter\CodeIgniter->run()
ERROR - 2023-06-08 06:55:50 --> mysqli_sql_exception: Column 'function_id' in field list is ambiguous in D:\Xampp\htdocs\QuanLyTaiSan\system\Database\MySQLi\Connection.php:295
Stack trace:
#0 D:\Xampp\htdocs\QuanLyTaiSan\system\Database\MySQLi\Connection.php(295): mysqli->query('SELECT * FROM (...', 0)
#1 D:\Xampp\htdocs\QuanLyTaiSan\system\Database\BaseConnection.php(691): CodeIgniter\Database\MySQLi\Connection->execute('SELECT * FROM (...')
#2 D:\Xampp\htdocs\QuanLyTaiSan\system\Database\BaseConnection.php(605): CodeIgniter\Database\BaseConnection->simpleQuery('SELECT * FROM (...')
#3 D:\Xampp\htdocs\QuanLyTaiSan\app\Models\UserFunctionModel.php(21): CodeIgniter\Database\BaseConnection->query('SELECT * FROM (...', Array)
#4 D:\Xampp\htdocs\QuanLyTaiSan\app\Controllers\Dashboard\UserFunctionController.php(23): App\Models\UserFunctionModel->getListUserFunction('admin')
#5 D:\Xampp\htdocs\QuanLyTaiSan\system\CodeIgniter.php(934): App\Controllers\Dashboard\UserFunctionController->index()
#6 D:\Xampp\htdocs\QuanLyTaiSan\system\CodeIgniter.php(499): CodeIgniter\CodeIgniter->runController(Object(App\Controllers\Dashboard\UserFunctionController))
#7 D:\Xampp\htdocs\QuanLyTaiSan\system\CodeIgniter.php(368): CodeIgniter\CodeIgniter->handleRequest(NULL, Object(Config\Cache), false)
#8 D:\Xampp\htdocs\QuanLyTaiSan\public\index.php(67): CodeIgniter\CodeIgniter->run()
#9 {main}
CRITICAL - 2023-06-08 06:55:50 --> Column 'function_id' in field list is ambiguous
in SYSTEMPATH\Database\BaseConnection.php on line 645.
 1 APPPATH\Models\UserFunctionModel.php(21): CodeIgniter\Database\BaseConnection->query('SELECT * FROM (SELECT function_group,function_name,function_id,
                                      function_view,function_add,function_edit,
                                      function_delete FROM (SELECT * FROM user_function WHERE user_id = ?) AS UF 
                RIGHT JOIN functions AS F ON F.function_id = UF.function_id) AS UFF ORDER BY function_group', [...])
 2 APPPATH\Controllers\Dashboard\UserFunctionController.php(23): App\Models\UserFunctionModel->getListUserFunction('admin')
 3 SYSTEMPATH\CodeIgniter.php(934): App\Controllers\Dashboard\UserFunctionController->index()
 4 SYSTEMPATH\CodeIgniter.php(499): CodeIgniter\CodeIgniter->runController(Object(App\Controllers\Dashboard\UserFunctionController))
 5 SYSTEMPATH\CodeIgniter.php(368): CodeIgniter\CodeIgniter->handleRequest(null, Object(Config\Cache), false)
 6 FCPATH\index.php(67): CodeIgniter\CodeIgniter->run()
CRITICAL - 2023-06-08 08:50:28 --> Undefined array key "ma_ncc"
in APPPATH\Models\NhaCCModel.php on line 56.
 1 APPPATH\Models\NhaCCModel.php(56): CodeIgniter\Debug\Exceptions->errorHandler(2, 'Undefined array key "ma_ncc"', 'APPPATH\\Models\\NhaCCModel.php', 56)
 2 APPPATH\Controllers\Dashboard\NhaCCController.php(61): App\Models\NhaCCModel->delete_nhaCC([...])
 3 SYSTEMPATH\CodeIgniter.php(934): App\Controllers\Dashboard\NhaCCController->delete_nhacc()
 4 SYSTEMPATH\CodeIgniter.php(499): CodeIgniter\CodeIgniter->runController(Object(App\Controllers\Dashboard\NhaCCController))
 5 SYSTEMPATH\CodeIgniter.php(368): CodeIgniter\CodeIgniter->handleRequest(null, Object(Config\Cache), false)
 6 FCPATH\index.php(67): CodeIgniter\CodeIgniter->run()
