ERROR - 2023-06-28 04:13:18 --> mysqli_sql_exception: Unknown column 'ma_bp' in 'order clause' in D:\Xampp\htdocs\QuanLyTaiSan\system\Database\MySQLi\Connection.php:295
Stack trace:
#0 D:\Xampp\htdocs\QuanLyTaiSan\system\Database\MySQLi\Connection.php(295): mysqli->query('SELECT *\nFROM `...', 0)
#1 D:\Xampp\htdocs\QuanLyTaiSan\system\Database\BaseConnection.php(691): CodeIgniter\Database\MySQLi\Connection->execute('SELECT *\nFROM `...')
#2 D:\Xampp\htdocs\QuanLyTaiSan\system\Database\BaseConnection.php(605): CodeIgniter\Database\BaseConnection->simpleQuery('SELECT *\nFROM `...')
#3 D:\Xampp\htdocs\QuanLyTaiSan\system\Database\BaseBuilder.php(1616): CodeIgniter\Database\BaseConnection->query('SELECT *\nFROM `...', Array, false)
#4 D:\Xampp\htdocs\QuanLyTaiSan\system\Model.php(203): CodeIgniter\Database\BaseBuilder->get()
#5 D:\Xampp\htdocs\QuanLyTaiSan\system\BaseModel.php(557): CodeIgniter\Model->doFind(false, NULL)
#6 D:\Xampp\htdocs\QuanLyTaiSan\app\Models\LoaiTaiSanModel.php(158): CodeIgniter\BaseModel->find()
#7 D:\Xampp\htdocs\QuanLyTaiSan\app\Controllers\Dashboard\LoaiTaiSanController.php(28): App\Models\LoaiTaiSanModel->getLoaiTaiSan(Array)
#8 D:\Xampp\htdocs\QuanLyTaiSan\system\CodeIgniter.php(934): App\Controllers\Dashboard\LoaiTaiSanController->type_asset_ajax()
#9 D:\Xampp\htdocs\QuanLyTaiSan\system\CodeIgniter.php(499): CodeIgniter\CodeIgniter->runController(Object(App\Controllers\Dashboard\LoaiTaiSanController))
#10 D:\Xampp\htdocs\QuanLyTaiSan\system\CodeIgniter.php(368): CodeIgniter\CodeIgniter->handleRequest(NULL, Object(Config\Cache), false)
#11 D:\Xampp\htdocs\QuanLyTaiSan\public\index.php(67): CodeIgniter\CodeIgniter->run()
#12 {main}
CRITICAL - 2023-06-28 04:13:18 --> Unknown column 'ma_bp' in 'order clause'
in SYSTEMPATH\Database\BaseConnection.php on line 645.
 1 SYSTEMPATH\Database\BaseBuilder.php(1616): CodeIgniter\Database\BaseConnection->query('SELECT *
FROM `loai_tai_san`
WHERE `ten_loai_ts` LIKE :ten_loai_ts: ESCAPE \'!\'
ORDER BY `ma_bp` ASC
 LIMIT 10', [...], false)
 2 SYSTEMPATH\Model.php(203): CodeIgniter\Database\BaseBuilder->get()
 3 SYSTEMPATH\BaseModel.php(557): CodeIgniter\Model->doFind(false, null)
 4 APPPATH\Models\LoaiTaiSanModel.php(158): CodeIgniter\BaseModel->find()
 5 APPPATH\Controllers\Dashboard\LoaiTaiSanController.php(28): App\Models\LoaiTaiSanModel->getLoaiTaiSan([...])
 6 SYSTEMPATH\CodeIgniter.php(934): App\Controllers\Dashboard\LoaiTaiSanController->type_asset_ajax()
 7 SYSTEMPATH\CodeIgniter.php(499): CodeIgniter\CodeIgniter->runController(Object(App\Controllers\Dashboard\LoaiTaiSanController))
 8 SYSTEMPATH\CodeIgniter.php(368): CodeIgniter\CodeIgniter->handleRequest(null, Object(Config\Cache), false)
 9 FCPATH\index.php(67): CodeIgniter\CodeIgniter->run()
ERROR - 2023-06-28 04:18:27 --> mysqli_sql_exception: Unknown column 'ma_bp' in 'order clause' in D:\Xampp\htdocs\QuanLyTaiSan\system\Database\MySQLi\Connection.php:295
Stack trace:
#0 D:\Xampp\htdocs\QuanLyTaiSan\system\Database\MySQLi\Connection.php(295): mysqli->query('SELECT *\nFROM `...', 0)
#1 D:\Xampp\htdocs\QuanLyTaiSan\system\Database\BaseConnection.php(691): CodeIgniter\Database\MySQLi\Connection->execute('SELECT *\nFROM `...')
#2 D:\Xampp\htdocs\QuanLyTaiSan\system\Database\BaseConnection.php(605): CodeIgniter\Database\BaseConnection->simpleQuery('SELECT *\nFROM `...')
#3 D:\Xampp\htdocs\QuanLyTaiSan\system\Database\BaseBuilder.php(1616): CodeIgniter\Database\BaseConnection->query('SELECT *\nFROM `...', Array, false)
#4 D:\Xampp\htdocs\QuanLyTaiSan\system\Model.php(203): CodeIgniter\Database\BaseBuilder->get()
#5 D:\Xampp\htdocs\QuanLyTaiSan\system\BaseModel.php(557): CodeIgniter\Model->doFind(false, NULL)
#6 D:\Xampp\htdocs\QuanLyTaiSan\app\Models\LoaiTaiSanModel.php(158): CodeIgniter\BaseModel->find()
#7 D:\Xampp\htdocs\QuanLyTaiSan\app\Controllers\Dashboard\LoaiTaiSanController.php(28): App\Models\LoaiTaiSanModel->getLoaiTaiSan(Array)
#8 D:\Xampp\htdocs\QuanLyTaiSan\system\CodeIgniter.php(934): App\Controllers\Dashboard\LoaiTaiSanController->type_asset_ajax()
#9 D:\Xampp\htdocs\QuanLyTaiSan\system\CodeIgniter.php(499): CodeIgniter\CodeIgniter->runController(Object(App\Controllers\Dashboard\LoaiTaiSanController))
#10 D:\Xampp\htdocs\QuanLyTaiSan\system\CodeIgniter.php(368): CodeIgniter\CodeIgniter->handleRequest(NULL, Object(Config\Cache), false)
#11 D:\Xampp\htdocs\QuanLyTaiSan\public\index.php(67): CodeIgniter\CodeIgniter->run()
#12 {main}
CRITICAL - 2023-06-28 04:18:27 --> Unknown column 'ma_bp' in 'order clause'
in SYSTEMPATH\Database\BaseConnection.php on line 645.
 1 SYSTEMPATH\Database\BaseBuilder.php(1616): CodeIgniter\Database\BaseConnection->query('SELECT *
FROM `loai_tai_san`
WHERE `ten_loai_ts` LIKE :ten_loai_ts: ESCAPE \'!\'
ORDER BY `ma_bp` ASC
 LIMIT 10', [...], false)
 2 SYSTEMPATH\Model.php(203): CodeIgniter\Database\BaseBuilder->get()
 3 SYSTEMPATH\BaseModel.php(557): CodeIgniter\Model->doFind(false, null)
 4 APPPATH\Models\LoaiTaiSanModel.php(158): CodeIgniter\BaseModel->find()
 5 APPPATH\Controllers\Dashboard\LoaiTaiSanController.php(28): App\Models\LoaiTaiSanModel->getLoaiTaiSan([...])
 6 SYSTEMPATH\CodeIgniter.php(934): App\Controllers\Dashboard\LoaiTaiSanController->type_asset_ajax()
 7 SYSTEMPATH\CodeIgniter.php(499): CodeIgniter\CodeIgniter->runController(Object(App\Controllers\Dashboard\LoaiTaiSanController))
 8 SYSTEMPATH\CodeIgniter.php(368): CodeIgniter\CodeIgniter->handleRequest(null, Object(Config\Cache), false)
 9 FCPATH\index.php(67): CodeIgniter\CodeIgniter->run()
