ERROR - 2023-06-18 14:44:30 --> Error connecting to the database: mysqli_sql_exception: Unknown database 'qltaisan' in D:\Software\Xampp\htdocs\QuanLyTaiSan\system\Database\MySQLi\Connection.php:173
Stack trace:
#0 D:\Software\Xampp\htdocs\QuanLyTaiSan\system\Database\MySQLi\Connection.php(173): mysqli->real_connect('localhost', 'root', Object(SensitiveParameterValue), 'qltaisan', 3306, '', 0)
#1 D:\Software\Xampp\htdocs\QuanLyTaiSan\system\Database\BaseConnection.php(391): CodeIgniter\Database\MySQLi\Connection->connect(false)
#2 D:\Software\Xampp\htdocs\QuanLyTaiSan\system\Database\BaseConnection.php(573): CodeIgniter\Database\BaseConnection->initialize()
#3 D:\Software\Xampp\htdocs\QuanLyTaiSan\system\Database\BaseBuilder.php(1616): CodeIgniter\Database\BaseConnection->query('SELECT *\nFROM `...', Array, false)
#4 D:\Software\Xampp\htdocs\QuanLyTaiSan\app\Libraries\lib_auth.php(38): CodeIgniter\Database\BaseBuilder->get()
#5 D:\Software\Xampp\htdocs\QuanLyTaiSan\app\Libraries\lib_auth.php(13): App\Libraries\lib_auth->getFuntionUser(NULL)
#6 D:\Software\Xampp\htdocs\QuanLyTaiSan\app\Controllers\BaseController.php(58): App\Libraries\lib_auth->__construct()
#7 D:\Software\Xampp\htdocs\QuanLyTaiSan\system\CodeIgniter.php(907): App\Controllers\BaseController->initController(Object(CodeIgniter\HTTP\IncomingRequest), Object(CodeIgniter\HTTP\Response), Object(CodeIgniter\Log\Logger))
#8 D:\Software\Xampp\htdocs\QuanLyTaiSan\system\CodeIgniter.php(490): CodeIgniter\CodeIgniter->createController()
#9 D:\Software\Xampp\htdocs\QuanLyTaiSan\system\CodeIgniter.php(368): CodeIgniter\CodeIgniter->handleRequest(NULL, Object(Config\Cache), false)
#10 D:\Software\Xampp\htdocs\QuanLyTaiSan\public\index.php(67): CodeIgniter\CodeIgniter->run()
#11 D:\Software\Xampp\htdocs\QuanLyTaiSan\system\Commands\Server\rewrite.php(47): require_once('D:\\Software\\Xam...')
#12 {main}

Next CodeIgniter\Database\Exceptions\DatabaseException: Unknown database 'qltaisan' in D:\Software\Xampp\htdocs\QuanLyTaiSan\system\Database\MySQLi\Connection.php:218
Stack trace:
#0 D:\Software\Xampp\htdocs\QuanLyTaiSan\system\Database\BaseConnection.php(391): CodeIgniter\Database\MySQLi\Connection->connect(false)
#1 D:\Software\Xampp\htdocs\QuanLyTaiSan\system\Database\BaseConnection.php(573): CodeIgniter\Database\BaseConnection->initialize()
#2 D:\Software\Xampp\htdocs\QuanLyTaiSan\system\Database\BaseBuilder.php(1616): CodeIgniter\Database\BaseConnection->query('SELECT *\nFROM `...', Array, false)
#3 D:\Software\Xampp\htdocs\QuanLyTaiSan\app\Libraries\lib_auth.php(38): CodeIgniter\Database\BaseBuilder->get()
#4 D:\Software\Xampp\htdocs\QuanLyTaiSan\app\Libraries\lib_auth.php(13): App\Libraries\lib_auth->getFuntionUser(NULL)
#5 D:\Software\Xampp\htdocs\QuanLyTaiSan\app\Controllers\BaseController.php(58): App\Libraries\lib_auth->__construct()
#6 D:\Software\Xampp\htdocs\QuanLyTaiSan\system\CodeIgniter.php(907): App\Controllers\BaseController->initController(Object(CodeIgniter\HTTP\IncomingRequest), Object(CodeIgniter\HTTP\Response), Object(CodeIgniter\Log\Logger))
#7 D:\Software\Xampp\htdocs\QuanLyTaiSan\system\CodeIgniter.php(490): CodeIgniter\CodeIgniter->createController()
#8 D:\Software\Xampp\htdocs\QuanLyTaiSan\system\CodeIgniter.php(368): CodeIgniter\CodeIgniter->handleRequest(NULL, Object(Config\Cache), false)
#9 D:\Software\Xampp\htdocs\QuanLyTaiSan\public\index.php(67): CodeIgniter\CodeIgniter->run()
#10 D:\Software\Xampp\htdocs\QuanLyTaiSan\system\Commands\Server\rewrite.php(47): require_once('D:\\Software\\Xam...')
#11 {main}
CRITICAL - 2023-06-18 14:44:30 --> Unable to connect to the database.
Main connection [MySQLi]: Unknown database 'qltaisan'
in SYSTEMPATH\Database\BaseConnection.php on line 427.
 1 SYSTEMPATH\Database\BaseConnection.php(573): CodeIgniter\Database\BaseConnection->initialize()
 2 SYSTEMPATH\Database\BaseBuilder.php(1616): CodeIgniter\Database\BaseConnection->query('SELECT *
FROM `user_function`
WHERE `user_id` IS NULL', [], false)
 3 APPPATH\Libraries\lib_auth.php(38): CodeIgniter\Database\BaseBuilder->get()
 4 APPPATH\Libraries\lib_auth.php(13): App\Libraries\lib_auth->getFuntionUser(null)
 5 APPPATH\Controllers\BaseController.php(58): App\Libraries\lib_auth->__construct()
 6 SYSTEMPATH\CodeIgniter.php(907): App\Controllers\BaseController->initController(Object(CodeIgniter\HTTP\IncomingRequest), Object(CodeIgniter\HTTP\Response), Object(CodeIgniter\Log\Logger))
 7 SYSTEMPATH\CodeIgniter.php(490): CodeIgniter\CodeIgniter->createController()
 8 SYSTEMPATH\CodeIgniter.php(368): CodeIgniter\CodeIgniter->handleRequest(null, Object(Config\Cache), false)
 9 FCPATH\index.php(67): CodeIgniter\CodeIgniter->run()
10 SYSTEMPATH\Commands\Server\rewrite.php(47): require_once('FCPATH\\index.php')
